{"numFailedTestSuites":1,"numFailedTests":10,"numPassedTestSuites":1,"numPassedTests":19,"numPendingTestSuites":0,"numPendingTests":0,"numRuntimeErrorTestSuites":0,"numTodoTests":0,"numTotalTestSuites":2,"numTotalTests":29,"openHandles":[],"snapshot":{"added":0,"didUpdate":false,"failure":false,"filesAdded":0,"filesRemoved":0,"filesRemovedList":[],"filesUnmatched":0,"filesUpdated":0,"matched":0,"total":0,"unchecked":0,"uncheckedKeysByFile":[],"unmatched":0,"updated":0},"startTime":1789682645221,"success":false,"testResults":[{"assertionResults":[{"ancestorTitles":["GoalsScreen"],"duration":257,"failureDetails":[],"failureMessages":[],"fullName":"GoalsScreen retries after the goals subscriptions fail","invocations":1,"location":null,"numPassingAsserts":1,"retryReasons":[],"status":"passed","title":"retries after the goals subscriptions fail"},{"ancestorTitles":["GoalsScreen"],"duration":9,"failureDetails":[],"failureMessages":[],"fullName":"GoalsScreen renders the empty state","invocations":1,"location":null,"numPassingAsserts":3,"retryReasons":[],"status":"passed","title":"renders the empty state"},{"ancestorTitles":["GoalsScreen"],"duration":194,"failureDetails":[],"failureMessages":[],"fullName":"GoalsScreen filters goals with counts, selected state, and filter-specific empty copy","invocations":1,"location":null,"numPassingAsserts":13,"retryReasons":[],"status":"passed","title":"filters goals with counts, selected state, and filter-specific empty copy"},{"ancestorTitles":["GoalsScreen"],"duration":31,"failureDetails":[],"failureMessages":[],"fullName":"GoalsScreen shows completed-filter empty copy","invocations":1,"location":null,"numPassingAsserts":2,"retryReasons":[],"status":"passed","title":"shows completed-filter empty copy"},{"ancestorTitles":["GoalsScreen"],"duration":23,"failureDetails":[{}],"failureMessages":["Error: Unable to find an element with text: New Goal\n\n\u001b[36m<RNCSafeAreaView>\u001b[39m\n  \u001b[36m<View>\u001b[39m\n    \u001b[36m<View>\u001b[39m\n      \u001b[36m<View\u001b[39m\n        \u001b[33maccessibilityLabel\u001b[39m=\u001b[32m\"Go back\"\u001b[39m\n        \u001b[33maccessibilityRole\u001b[39m=\u001b[32m\"button\"\u001b[39m\n        \u001b[33maccessibilityState\u001b[39m=\u001b[32m{\n          {\n            \"disabled\": false,\n          }\n        }\u001b[39m\n        \u001b[33maccessible\u001b[39m=\u001b[32m{true}\u001b[39m\n      \u001b[36m>\u001b[39m\n        \u001b[36m<View\u001b[39m\n          \u001b[33maccessible\u001b[39m=\u001b[32m{false}\u001b[39m\n        \u001b[36m>\u001b[39m\n          \u001b[36m<RNSVGSvgView>\u001b[39m\n            \u001b[36m<RNSVGGroup>\u001b[39m\n              \u001b[36m<RNSVGPath />\u001b[39m\n            \u001b[36m</RNSVGGroup>\u001b[39m\n          \u001b[36m</RNSVGSvgView>\u001b[39m\n        \u001b[36m</View>\u001b[39m\n      \u001b[36m</View>\u001b[39m\n    \u001b[36m</View>\u001b[39m\n    \u001b[36m<View>\u001b[39m\n      \u001b[36m<View>\u001b[39m\n        \u001b[36m<View>\u001b[39m\n          \u001b[36m<Text\u001b[39m\n            \u001b[33maccessibilityRole\u001b[39m=\u001b[32m\"header\"\u001b[39m\n          \u001b[36m>\u001b[39m\n            \u001b[0mGoals\u001b[0m\n          \u001b[36m</Text>\u001b[39m\n        \u001b[36m</View>\u001b[39m\n      \u001b[36m</View>\u001b[39m\n    \u001b[36m</View>\u001b[39m\n    \u001b[36m<View />\u001b[39m\n  \u001b[36m</View>\u001b[39m\n  \u001b[36m<RCTScrollView>\u001b[39m\n    \u001b[36m<View>\u001b[39m\n      \u001b[36m<View\u001b[39m\n        \u001b[33maccessibilityLabel\u001b[39m=\u001b[32m\"Goal filter\"\u001b[39m\n      \u001b[36m>\u001b[39m\n        \u001b[36m<View\u001b[39m\n          \u001b[33maccessibilityLabel\u001b[39m=\u001b[32m\"Current, 0\"\u001b[39m\n          \u001b[33maccessibilityRole\u001b[39m=\u001b[32m\"button\"\u001b[39m\n          \u001b[33maccessibilityState\u001b[39m=\u001b[32m{\n            {\n              \"selected\": true,\n            }\n          }\u001b[39m\n          \u001b[33maccessible\u001b[39m=\u001b[32m{true}\u001b[39m\n        \u001b[36m>\u001b[39m\n          \u001b[36m<Text>\u001b[39m\n            \u001b[0mCurrent\u001b[0m\n          \u001b[36m</Text>\u001b[39m\n          \u001b[36m<Text>\u001b[39m\n            \u001b[0m0\u001b[0m\n          \u001b[36m</Text>\u001b[39m\n        \u001b[36m</View>\u001b[39m\n        \u001b[36m<View\u001b[39m\n          \u001b[33maccessibilityLabel\u001b[39m=\u001b[32m\"Completed, 0\"\u001b[39m\n          \u001b[33maccessibilityRole\u001b[39m=\u001b[32m\"button\"\u001b[39m\n          \u001b[33maccessibilityState\u001b[39m=\u001b[32m{\n            {\n              \"selected\": false,\n            }\n          }\u001b[39m\n          \u001b[33maccessible\u001b[39m=\u001b[32m{true}\u001b[39m\n        \u001b[36m>\u001b[39m\n          \u001b[36m<Text>\u001b[39m\n            \u001b[0mCompleted\u001b[0m\n          \u001b[36m</Text>\u001b[39m\n          \u001b[36m<Text>\u001b[39m\n            \u001b[0m0\u001b[0m\n          \u001b[36m</Text>\u001b[39m\n        \u001b[36m</View>\u001b[39m\n        \u001b[36m<View\u001b[39m\n          \u001b[33maccessibilityLabel\u001b[39m=\u001b[32m\"Archived, 0\"\u001b[39m\n          \u001b[33maccessibilityRole\u001b[39m=\u001b[32m\"button\"\u001b[39m\n          \u001b[33maccessibilityState\u001b[39m=\u001b[32m{\n            {\n              \"selected\": false,\n            }\n          }\u001b[39m\n          \u001b[33maccessible\u001b[39m=\u001b[32m{true}\u001b[39m\n        \u001b[36m>\u001b[39m\n          \u001b[36m<Text>\u001b[39m\n            \u001b[0mArchived\u001b[0m\n          \u001b[36m</Text>\u001b[39m\n          \u001b[36m<Text>\u001b[39m\n            \u001b[0m0\u001b[0m\n          \u001b[36m</Text>\u001b[39m\n        \u001b[36m</View>\u001b[39m\n      \u001b[36m</View>\u001b[39m\n      \u001b[36m<View>\u001b[39m\n        \u001b[36m<Text>\u001b[39m\n          \u001b[0mNo active goals.\u001b[0m\n        \u001b[36m</Text>\u001b[39m\n        \u001b[36m<Text>\u001b[39m\n          \u001b[0mCreate a goal to start building a step-by-step plan.\u001b[0m\n        \u001b[36m</Text>\u001b[39m\n      \u001b[36m</View>\u001b[39m\n    \u001b[36m</View>\u001b[39m\n  \u001b[36m</RCTScrollView>\u001b[39m\n  \u001b[36m<Modal\u001b[39m\n    \u001b[33maccessibilityLabel\u001b[39m=\u001b[32m\"Create Goal modal\"\u001b[39m\n  \u001b[36m>\u001b[39m\n    \u001b[36m<View\u001b[39m\n      \u001b[33maccessibilityViewIsModal\u001b[39m=\u001b[32m{true}\u001b[39m\n    \u001b[36m>\u001b[39m\n      \u001b[36m<RNCSafeAreaView>\u001b[39m\n        \u001b[36m<View>\u001b[39m\n          \u001b[36m<RCTScrollView>\u001b[39m\n            \u001b[36m<View>\u001b[39m\n              \u001b[36m<View>\u001b[39m\n                \u001b[36m<View\u001b[39m\n                  \u001b[33maccessibilityLabel\u001b[39m=\u001b[32m\"Close Create Goal\"\u001b[39m\n                  \u001b[33maccessibilityRole\u001b[39m=\u001b[32m\"button\"\u001b[39m\n                  \u001b[33maccessibilityState\u001b[39m=\u001b[32m{\n                    {\n                      \"disabled\": false,\n                    }\n                  }\u001b[39m\n                  \u001b[33maccessible\u001b[39m=\u001b[32m{true}\u001b[39m\n                \u001b[36m>\u001b[39m\n                  \u001b[36m<View\u001b[39m\n                    \u001b[33maccessible\u001b[39m=\u001b[32m{false}\u001b[39m\n                  \u001b[36m>\u001b[39m\n                    \u001b[36m<RNSVGSvgView>\u001b[39m\n                      \u001b[36m<RNSVGGroup>\u001b[39m\n                        \u001b[36m<RNSVGPath />\u001b[39m\n                      \u001b[36m</RNSVGGroup>\u001b[39m\n                    \u001b[36m</RNSVGSvgView>\u001b[39m\n                  \u001b[36m</View>\u001b[39m\n                \u001b[36m</View>\u001b[39m\n                \u001b[36m<Text\u001b[39m\n                  \u001b[33maccessibilityRole\u001b[39m=\u001b[32m\"header\"\u001b[39m\n                \u001b[36m>\u001b[39m\n                  \u001b[0mCreate Goal\u001b[0m\n                \u001b[36m</Text>\u001b[39m\n                \u001b[36m<View />\u001b[39m\n              \u001b[36m</View>\u001b[39m\n              \u001b[36m<Text>\u001b[39m\n                \u001b[0mStep 1 of 5: SMART Setup\u001b[0m\n              \u001b[36m</Text>\u001b[39m\n              \u001b[36m<View\u001b[39m\n                \u001b[33maccessibilityLabel\u001b[39m=\u001b[32m\"Step 1 of 5: SMART Setup\"\u001b[39m\n              \u001b[36m>\u001b[39m\n                \u001b[36m<View>\u001b[39m\n                  \u001b[36m<View>\u001b[39m\n                    \u001b[36m<Text>\u001b[39m\n                      \u001b[0m1\u001b[0m\n                    \u001b[36m</Text>\u001b[39m\n                  \u001b[36m</View>\u001b[39m\n                  \u001b[36m<View />\u001b[39m\n                \u001b[36m</View>\u001b[39m\n                \u001b[36m<View>\u001b[39m\n                  \u001b[36m<View>\u001b[39m\n                    \u001b[36m<Text>\u001b[39m\n                      \u001b[0m2\u001b[0m\n                    \u001b[36m</Text>\u001b[39m\n                  \u001b[36m</View>\u001b[39m\n                  \u001b[36m<View />\u001b[39m\n                \u001b[36m</View>\u001b[39m\n                \u001b[36m<View>\u001b[39m\n                  \u001b[36m<View>\u001b[39m\n                    \u001b[36m<Text>\u001b[39m\n                      \u001b[0m3\u001b[0m\n                    \u001b[36m</Text>\u001b[39m\n                  \u001b[36m</View>\u001b[39m\n                  \u001b[36m<View />\u001b[39m\n                \u001b[36m</View>\u001b[39m\n                \u001b[36m<View>\u001b[39m\n                  \u001b[36m<View>\u001b[39m\n                    \u001b[36m<Text>\u001b[39m\n                      \u001b[0m4\u001b[0m\n                    \u001b[36m</Text>\u001b[39m\n                  \u001b[36m</View>\u001b[39m\n                  \u001b[36m<View />\u001b[39m\n                \u001b[36m</View>\u001b[39m\n                \u001b[36m<View>\u001b[39m\n                  \u001b[36m<View>\u001b[39m\n                    \u001b[36m<Text>\u001b[39m\n                      \u001b[0m5\u001b[0m\n                    \u001b[36m</Text>\u001b[39m\n                  \u001b[36m</View>\u001b[39m\n                \u001b[36m</View>\u001b[39m\n              \u001b[36m</View>\u001b[39m\n              \u001b[36m<View>\u001b[39m\n                \u001b[36m<Text>\u001b[39m\n                  \u001b[0mLet's create a SMART goal\u001b[0m\n                \u001b[36m</Text>\u001b[39m\n                \u001b[36m<Text>\u001b[39m\n                  \u001b[0mSpecific, measurable, achievable, relevant, and time-bound goals make the next step clear.\u001b[0m\n                \u001b[36m</Text>\u001b[39m\n                \u001b[36m<View>\u001b[39m\n                  \u001b[36m<View>\u001b[39m\n                    \u001b[36m<View>\u001b[39m\n                      \u001b[36m<Text>\u001b[39m\n                        \u001b[0mS\u001b[0m\n                      \u001b[36m</Text>\u001b[39m\n                    \u001b[36m</View>\u001b[39m\n                    \u001b[36m<View>\u001b[39m\n                      \u001b[36m<Text>\u001b[39m\n                        \u001b[0mSpecific\u001b[0m\n                      \u001b[36m</Text>\u001b[39m\n                      \u001b[36m<Text>\u001b[39m\n                        \u001b[0mClear and well-defined\u001b[0m\n                      \u001b[36m</Text>\u001b[39m\n                    \u001b[36m</View>\u001b[39m\n                  \u001b[36m</View>\u001b[39m\n                  \u001b[36m<View>\u001b[39m\n                    \u001b[36m<View>\u001b[39m\n                      \u001b[36m<Text>\u001b[39m\n                        \u001b[0mM\u001b[0m\n                      \u001b[36m</Text>\u001b[39m\n                    \u001b[36m</View>\u001b[39m\n                    \u001b[36m<View>\u001b[39m\n                      \u001b[36m<Text>\u001b[39m\n                        \u001b[0mMeasurable\u001b[0m\n                      \u001b[36m</Text>\u001b[39m\n                      \u001b[36m<Text>\u001b[39m\n                        \u001b[0mTrack progress and quantity\u001b[0m\n                      \u001b[36m</Text>\u001b[39m\n                    \u001b[36m</View>\u001b[39m\n                  \u001b[36m</View>\u001b[39m\n                  \u001b[36m<View>\u001b[39m\n                    \u001b[36m<View>\u001b[39m\n                      \u001b[36m<Text>\u001b[39m\n                        \u001b[0mA\u001b[0m\n                      \u001b[36m</Text>\u001b[39m\n                    \u001b[36m</View>\u001b[39m\n                    \u001b[36m<View>\u001b[39m\n                      \u001b[36m<Text>\u001b[39m\n                        \u001b[0mAchievable\u001b[0m\n                      \u001b[36m</Text>\u001b[39m\n                      \u001b[36m<Text>\u001b[39m\n                        \u001b[0mRealistic and attainable\u001b[0m\n                      \u001b[36m</Text>\u001b[39m\n                    \u001b[36m</View>\u001b[39m\n                  \u001b[36m</View>\u001b[39m\n                  \u001b[36m<View>\u001b[39m\n                    \u001b[36m<View>\u001b[39m\n                      \u001b[36m<Text>\u001b[39m\n                        \u001b[0mR\u001b[0m\n                      \u001b[36m</Text>\u001b[39m\n                    \u001b[36m</View>\u001b[39m\n                    \u001b[36m<View>\u001b[39m\n                      \u001b[36m<Text>\u001b[39m\n                        \u001b[0mRelevant\u001b[0m\n                      \u001b[36m</Text>\u001b[39m\n                      \u001b[36m<Text>\u001b[39m\n                        \u001b[0mAligned with your values\u001b[0m\n                      \u001b[36m</Text>\u001b[39m\n                    \u001b[36m</View>\u001b[39m\n                  \u001b[36m</View>\u001b[39m\n                  \u001b[36m<View>\u001b[39m\n                    \u001b[36m<View>\u001b[39m\n                      \u001b[36m<Text>\u001b[39m\n                        \u001b[0mT\u001b[0m\n                      \u001b[36m</Text>\u001b[39m\n                    \u001b[36m</View>\u001b[39m\n                    \u001b[36m<View>\u001b[39m\n                      \u001b[36m<Text>\u001b[39m\n                        \u001b[0mTime-bound\u001b[0m\n                      \u001b[36m</Text>\u001b[39m\n                      \u001b[36m<Text>\u001b[39m\n                        \u001b[0mHas a clear deadline\u001b[0m\n                      \u001b[36m</Text>\u001b[39m\n                    \u001b[36m</View>\u001b[39m\n                  \u001b[36m</View>\u001b[39m\n                \u001b[36m</View>\u001b[39m\n              \u001b[36m</View>\u001b[39m\n              \u001b[36m<View>\u001b[39m\n                \u001b[36m<View\u001b[39m\n                  \u001b[33maccessibilityLabel\u001b[39m=\u001b[32m\"Continue\"\u001b[39m\n                  \u001b[33maccessibilityRole\u001b[39m=\u001b[32m\"button\"\u001b[39m\n                  \u001b[33maccessibilityState\u001b[39m=\u001b[32m{\n                    {\n                      \"busy\": false,\n                      \"disabled\": false,\n                    }\n                  }\u001b[39m\n                  \u001b[33maccessible\u001b[39m=\u001b[32m{true}\u001b[39m\n                \u001b[36m>\u001b[39m\n                  \u001b[36m<Text>\u001b[39m\n                    \u001b[0mContinue\u001b[0m\n                  \u001b[36m</Text>\u001b[39m\n                \u001b[36m</View>\u001b[39m\n              \u001b[36m</View>\u001b[39m\n            \u001b[36m</View>\u001b[39m\n          \u001b[36m</RCTScrollView>\u001b[39m\n        \u001b[36m</View>\u001b[39m\n      \u001b[36m</RNCSafeAreaView>\u001b[39m\n    \u001b[36m</View>\u001b[39m\n  \u001b[36m</Modal>\u001b[39m\n\u001b[36m</RNCSafeAreaView>\u001b[39m\n    at Object.getByText (C:\\Code\\Bearing\\mobile\\src\\__tests__\\GoalsScreen.test.tsx:394:28)\n    at Generator.next (<anonymous>)\n    at asyncGeneratorStep (C:\\Code\\Bearing\\mobile\\node_modules\\@babel\\runtime\\helpers\\asyncToGenerator.js:3:17)\n    at _next (C:\\Code\\Bearing\\mobile\\node_modules\\@babel\\runtime\\helpers\\asyncToGenerator.js:17:9)\n    at C:\\Code\\Bearing\\mobile\\node_modules\\@babel\\runtime\\helpers\\asyncToGenerator.js:22:7\n    at new Promise (<anonymous>)\n    at Object.<anonymous> (C:\\Code\\Bearing\\mobile\\node_modules\\@babel\\runtime\\helpers\\asyncToGenerator.js:14:12)\n    at Promise.then.completed (C:\\Code\\Bearing\\mobile\\node_modules\\jest-circus\\build\\utils.js:298:28)\n    at new Promise (<anonymous>)\n    at callAsyncCircusFn (C:\\Code\\Bearing\\mobile\\node_modules\\jest-circus\\build\\utils.js:231:10)\n    at _callCircusTest (C:\\Code\\Bearing\\mobile\\node_modules\\jest-circus\\build\\run.js:316:40)\n    at _runTest (C:\\Code\\Bearing\\mobile\\node_modules\\jest-circus\\build\\run.js:252:3)\n    at _runTestsForDescribeBlock (C:\\Code\\Bearing\\mobile\\node_modules\\jest-circus\\build\\run.js:126:9)\n    at _runTestsForDescribeBlock (C:\\Code\\Bearing\\mobile\\node_modules\\jest-circus\\build\\run.js:121:9)\n    at run (C:\\Code\\Bearing\\mobile\\node_modules\\jest-circus\\build\\run.js:71:3)\n    at runAndTransformResultsToJestFormat (C:\\Code\\Bearing\\mobile\\node_modules\\jest-circus\\build\\legacy-code-todo-rewrite\\jestAdapterInit.js:122:21)\n    at jestAdapter (C:\\Code\\Bearing\\mobile\\node_modules\\jest-circus\\build\\legacy-code-todo-rewrite\\jestAdapter.js:79:19)\n    at runTestInternal (C:\\Code\\Bearing\\mobile\\node_modules\\jest-runner\\build\\runTest.js:367:16)\n    at runTest (C:\\Code\\Bearing\\mobile\\node_modules\\jest-runner\\build\\runTest.js:444:34)"],"fullName":"GoalsScreen walks the manual goal wizard and saves a goal","invocations":1,"location":null,"numPassingAsserts":0,"retryReasons":[],"status":"failed","title":"walks the manual goal wizard and saves a goal"},{"ancestorTitles":["GoalsScreen"],"duration":10,"failureDetails":[{}],"failureMessages":["Error: Unable to find an element with text: New Goal\n\n\u001b[36m<RNCSafeAreaView>\u001b[39m\n  \u001b[36m<View>\u001b[39m\n    \u001b[36m<View>\u001b[39m\n      \u001b[36m<View\u001b[39m\n        \u001b[33maccessibilityLabel\u001b[39m=\u001b[32m\"Go back\"\u001b[39m\n        \u001b[33maccessibilityRole\u001b[39m=\u001b[32m\"button\"\u001b[39m\n        \u001b[33maccessibilityState\u001b[39m=\u001b[32m{\n          {\n            \"disabled\": false,\n          }\n        }\u001b[39m\n        \u001b[33maccessible\u001b[39m=\u001b[32m{true}\u001b[39m\n      \u001b[36m>\u001b[39m\n        \u001b[36m<View\u001b[39m\n          \u001b[33maccessible\u001b[39m=\u001b[32m{false}\u001b[39m\n        \u001b[36m>\u001b[39m\n          \u001b[36m<RNSVGSvgView>\u001b[39m\n            \u001b[36m<RNSVGGroup>\u001b[39m\n              \u001b[36m<RNSVGPath />\u001b[39m\n            \u001b[36m</RNSVGGroup>\u001b[39m\n          \u001b[36m</RNSVGSvgView>\u001b[39m\n        \u001b[36m</View>\u001b[39m\n      \u001b[36m</View>\u001b[39m\n    \u001b[36m</View>\u001b[39m\n    \u001b[36m<View>\u001b[39m\n      \u001b[36m<View>\u001b[39m\n        \u001b[36m<View>\u001b[39m\n          \u001b[36m<Text\u001b[39m\n            \u001b[33maccessibilityRole\u001b[39m=\u001b[32m\"header\"\u001b[39m\n          \u001b[36m>\u001b[39m\n            \u001b[0mGoals\u001b[0m\n          \u001b[36m</Text>\u001b[39m\n        \u001b[36m</View>\u001b[39m\n      \u001b[36m</View>\u001b[39m\n    \u001b[36m</View>\u001b[39m\n    \u001b[36m<View />\u001b[39m\n  \u001b[36m</View>\u001b[39m\n  \u001b[36m<RCTScrollView>\u001b[39m\n    \u001b[36m<View>\u001b[39m\n      \u001b[36m<View\u001b[39m\n        \u001b[33maccessibilityLabel\u001b[39m=\u001b[32m\"Goal filter\"\u001b[39m\n      \u001b[36m>\u001b[39m\n        \u001b[36m<View\u001b[39m\n          \u001b[33maccessibilityLabel\u001b[39m=\u001b[32m\"Current, 0\"\u001b[39m\n          \u001b[33maccessibilityRole\u001b[39m=\u001b[32m\"button\"\u001b[39m\n          \u001b[33maccessibilityState\u001b[39m=\u001b[32m{\n            {\n              \"selected\": true,\n            }\n          }\u001b[39m\n          \u001b[33maccessible\u001b[39m=\u001b[32m{true}\u001b[39m\n        \u001b[36m>\u001b[39m\n          \u001b[36m<Text>\u001b[39m\n            \u001b[0mCurrent\u001b[0m\n          \u001b[36m</Text>\u001b[39m\n          \u001b[36m<Text>\u001b[39m\n            \u001b[0m0\u001b[0m\n          \u001b[36m</Text>\u001b[39m\n        \u001b[36m</View>\u001b[39m\n        \u001b[36m<View\u001b[39m\n          \u001b[33maccessibilityLabel\u001b[39m=\u001b[32m\"Completed, 0\"\u001b[39m\n          \u001b[33maccessibilityRole\u001b[39m=\u001b[32m\"button\"\u001b[39m\n          \u001b[33maccessibilityState\u001b[39m=\u001b[32m{\n            {\n              \"selected\": false,\n            }\n          }\u001b[39m\n          \u001b[33maccessible\u001b[39m=\u001b[32m{true}\u001b[39m\n        \u001b[36m>\u001b[39m\n          \u001b[36m<Text>\u001b[39m\n            \u001b[0mCompleted\u001b[0m\n          \u001b[36m</Text>\u001b[39m\n          \u001b[36m<Text>\u001b[39m\n            \u001b[0m0\u001b[0m\n          \u001b[36m</Text>\u001b[39m\n        \u001b[36m</View>\u001b[39m\n        \u001b[36m<View\u001b[39m\n          \u001b[33maccessibilityLabel\u001b[39m=\u001b[32m\"Archived, 0\"\u001b[39m\n          \u001b[33maccessibilityRole\u001b[39m=\u001b[32m\"button\"\u001b[39m\n          \u001b[33maccessibilityState\u001b[39m=\u001b[32m{\n            {\n              \"selected\": false,\n            }\n          }\u001b[39m\n          \u001b[33maccessible\u001b[39m=\u001b[32m{true}\u001b[39m\n        \u001b[36m>\u001b[39m\n          \u001b[36m<Text>\u001b[39m\n            \u001b[0mArchived\u001b[0m\n          \u001b[36m</Text>\u001b[39m\n          \u001b[36m<Text>\u001b[39m\n            \u001b[0m0\u001b[0m\n          \u001b[36m</Text>\u001b[39m\n        \u001b[36m</View>\u001b[39m\n      \u001b[36m</View>\u001b[39m\n      \u001b[36m<View>\u001b[39m\n        \u001b[36m<Text>\u001b[39m\n          \u001b[0mNo active goals.\u001b[0m\n        \u001b[36m</Text>\u001b[39m\n        \u001b[36m<Text>\u001b[39m\n          \u001b[0mCreate a goal to start building a step-by-step plan.\u001b[0m\n        \u001b[36m</Text>\u001b[39m\n      \u001b[36m</View>\u001b[39m\n    \u001b[36m</View>\u001b[39m\n  \u001b[36m</RCTScrollView>\u001b[39m\n\u001b[36m</RNCSafeAreaView>\u001b[39m\n    at Object.getByText (C:\\Code\\Bearing\\mobile\\src\\__tests__\\GoalsScreen.test.tsx:492:28)\n    at Promise.then.completed (C:\\Code\\Bearing\\mobile\\node_modules\\jest-circus\\build\\utils.js:298:28)\n    at new Promise (<anonymous>)\n    at callAsyncCircusFn (C:\\Code\\Bearing\\mobile\\node_modules\\jest-circus\\build\\utils.js:231:10)\n    at _callCircusTest (C:\\Code\\Bearing\\mobile\\node_modules\\jest-circus\\build\\run.js:316:40)\n    at _runTest (C:\\Code\\Bearing\\mobile\\node_modules\\jest-circus\\build\\run.js:252:3)\n    at _runTestsForDescribeBlock (C:\\Code\\Bearing\\mobile\\node_modules\\jest-circus\\build\\run.js:126:9)\n    at _runTestsForDescribeBlock (C:\\Code\\Bearing\\mobile\\node_modules\\jest-circus\\build\\run.js:121:9)\n    at run (C:\\Code\\Bearing\\mobile\\node_modules\\jest-circus\\build\\run.js:71:3)\n    at runAndTransformResultsToJestFormat (C:\\Code\\Bearing\\mobile\\node_modules\\jest-circus\\build\\legacy-code-todo-rewrite\\jestAdapterInit.js:122:21)\n    at jestAdapter (C:\\Code\\Bearing\\mobile\\node_modules\\jest-circus\\build\\legacy-code-todo-rewrite\\jestAdapter.js:79:19)\n    at runTestInternal (C:\\Code\\Bearing\\mobile\\node_modules\\jest-runner\\build\\runTest.js:367:16)\n    at runTest (C:\\Code\\Bearing\\mobile\\node_modules\\jest-runner\\build\\runTest.js:444:34)"],"fullName":"GoalsScreen opens the premium paywall from the AI planning step for free users","invocations":1,"location":null,"numPassingAsserts":0,"retryReasons":[],"status":"failed","title":"opens the premium paywall from the AI planning step for free users"},{"ancestorTitles":["GoalsScreen"],"duration":9,"failureDetails":[{}],"failureMessages":["Error: Unable to find an element with text: New Goal\n\n\u001b[36m<RNCSafeAreaView>\u001b[39m\n  \u001b[36m<View>\u001b[39m\n    \u001b[36m<View>\u001b[39m\n      \u001b[36m<View\u001b[39m\n        \u001b[33maccessibilityLabel\u001b[39m=\u001b[32m\"Go back\"\u001b[39m\n        \u001b[33maccessibilityRole\u001b[39m=\u001b[32m\"button\"\u001b[39m\n        \u001b[33maccessibilityState\u001b[39m=\u001b[32m{\n          {\n            \"disabled\": false,\n          }\n        }\u001b[39m\n        \u001b[33maccessible\u001b[39m=\u001b[32m{true}\u001b[39m\n      \u001b[36m>\u001b[39m\n        \u001b[36m<View\u001b[39m\n          \u001b[33maccessible\u001b[39m=\u001b[32m{false}\u001b[39m\n        \u001b[36m>\u001b[39m\n          \u001b[36m<RNSVGSvgView>\u001b[39m\n            \u001b[36m<RNSVGGroup>\u001b[39m\n              \u001b[36m<RNSVGPath />\u001b[39m\n            \u001b[36m</RNSVGGroup>\u001b[39m\n          \u001b[36m</RNSVGSvgView>\u001b[39m\n        \u001b[36m</View>\u001b[39m\n      \u001b[36m</View>\u001b[39m\n    \u001b[36m</View>\u001b[39m\n    \u001b[36m<View>\u001b[39m\n      \u001b[36m<View>\u001b[39m\n        \u001b[36m<View>\u001b[39m\n          \u001b[36m<Text\u001b[39m\n            \u001b[33maccessibilityRole\u001b[39m=\u001b[32m\"header\"\u001b[39m\n          \u001b[36m>\u001b[39m\n            \u001b[0mGoals\u001b[0m\n          \u001b[36m</Text>\u001b[39m\n        \u001b[36m</View>\u001b[39m\n      \u001b[36m</View>\u001b[39m\n    \u001b[36m</View>\u001b[39m\n    \u001b[36m<View />\u001b[39m\n  \u001b[36m</View>\u001b[39m\n  \u001b[36m<RCTScrollView>\u001b[39m\n    \u001b[36m<View>\u001b[39m\n      \u001b[36m<View\u001b[39m\n        \u001b[33maccessibilityLabel\u001b[39m=\u001b[32m\"Goal filter\"\u001b[39m\n      \u001b[36m>\u001b[39m\n        \u001b[36m<View\u001b[39m\n          \u001b[33maccessibilityLabel\u001b[39m=\u001b[32m\"Current, 0\"\u001b[39m\n          \u001b[33maccessibilityRole\u001b[39m=\u001b[32m\"button\"\u001b[39m\n          \u001b[33maccessibilityState\u001b[39m=\u001b[32m{\n            {\n              \"selected\": true,\n            }\n          }\u001b[39m\n          \u001b[33maccessible\u001b[39m=\u001b[32m{true}\u001b[39m\n        \u001b[36m>\u001b[39m\n          \u001b[36m<Text>\u001b[39m\n            \u001b[0mCurrent\u001b[0m\n          \u001b[36m</Text>\u001b[39m\n          \u001b[36m<Text>\u001b[39m\n            \u001b[0m0\u001b[0m\n          \u001b[36m</Text>\u001b[39m\n        \u001b[36m</View>\u001b[39m\n        \u001b[36m<View\u001b[39m\n          \u001b[33maccessibilityLabel\u001b[39m=\u001b[32m\"Completed, 0\"\u001b[39m\n          \u001b[33maccessibilityRole\u001b[39m=\u001b[32m\"button\"\u001b[39m\n          \u001b[33maccessibilityState\u001b[39m=\u001b[32m{\n            {\n              \"selected\": false,\n            }\n          }\u001b[39m\n          \u001b[33maccessible\u001b[39m=\u001b[32m{true}\u001b[39m\n        \u001b[36m>\u001b[39m\n          \u001b[36m<Text>\u001b[39m\n            \u001b[0mCompleted\u001b[0m\n          \u001b[36m</Text>\u001b[39m\n          \u001b[36m<Text>\u001b[39m\n            \u001b[0m0\u001b[0m\n          \u001b[36m</Text>\u001b[39m\n        \u001b[36m</View>\u001b[39m\n        \u001b[36m<View\u001b[39m\n          \u001b[33maccessibilityLabel\u001b[39m=\u001b[32m\"Archived, 0\"\u001b[39m\n          \u001b[33maccessibilityRole\u001b[39m=\u001b[32m\"button\"\u001b[39m\n          \u001b[33maccessibilityState\u001b[39m=\u001b[32m{\n            {\n              \"selected\": false,\n            }\n          }\u001b[39m\n          \u001b[33maccessible\u001b[39m=\u001b[32m{true}\u001b[39m\n        \u001b[36m>\u001b[39m\n          \u001b[36m<Text>\u001b[39m\n            \u001b[0mArchived\u001b[0m\n          \u001b[36m</Text>\u001b[39m\n          \u001b[36m<Text>\u001b[39m\n            \u001b[0m0\u001b[0m\n          \u001b[36m</Text>\u001b[39m\n        \u001b[36m</View>\u001b[39m\n      \u001b[36m</View>\u001b[39m\n      \u001b[36m<View>\u001b[39m\n        \u001b[36m<Text>\u001b[39m\n          \u001b[0mNo active goals.\u001b[0m\n        \u001b[36m</Text>\u001b[39m\n        \u001b[36m<Text>\u001b[39m\n          \u001b[0mCreate a goal to start building a step-by-step plan.\u001b[0m\n        \u001b[36m</Text>\u001b[39m\n      \u001b[36m</View>\u001b[39m\n    \u001b[36m</View>\u001b[39m\n  \u001b[36m</RCTScrollView>\u001b[39m\n\u001b[36m</RNCSafeAreaView>\u001b[39m\n    at Object.getByText (C:\\Code\\Bearing\\mobile\\src\\__tests__\\GoalsScreen.test.tsx:517:28)\n    at Promise.then.completed (C:\\Code\\Bearing\\mobile\\node_modules\\jest-circus\\build\\utils.js:298:28)\n    at new Promise (<anonymous>)\n    at callAsyncCircusFn (C:\\Code\\Bearing\\mobile\\node_modules\\jest-circus\\build\\utils.js:231:10)\n    at _callCircusTest (C:\\Code\\Bearing\\mobile\\node_modules\\jest-circus\\build\\run.js:316:40)\n    at _runTest (C:\\Code\\Bearing\\mobile\\node_modules\\jest-circus\\build\\run.js:252:3)\n    at _runTestsForDescribeBlock (C:\\Code\\Bearing\\mobile\\node_modules\\jest-circus\\build\\run.js:126:9)\n    at _runTestsForDescribeBlock (C:\\Code\\Bearing\\mobile\\node_modules\\jest-circus\\build\\run.js:121:9)\n    at run (C:\\Code\\Bearing\\mobile\\node_modules\\jest-circus\\build\\run.js:71:3)\n    at runAndTransformResultsToJestFormat (C:\\Code\\Bearing\\mobile\\node_modules\\jest-circus\\build\\legacy-code-todo-rewrite\\jestAdapterInit.js:122:21)\n    at jestAdapter (C:\\Code\\Bearing\\mobile\\node_modules\\jest-circus\\build\\legacy-code-todo-rewrite\\jestAdapter.js:79:19)\n    at runTestInternal (C:\\Code\\Bearing\\mobile\\node_modules\\jest-runner\\build\\runTest.js:367:16)\n    at runTest (C:\\Code\\Bearing\\mobile\\node_modules\\jest-runner\\build\\runTest.js:444:34)"],"fullName":"GoalsScreen does not own paywall legal documents locally","invocations":1,"location":null,"numPassingAsserts":0,"retryReasons":[],"status":"failed","title":"does not own paywall legal documents locally"},{"ancestorTitles":["GoalsScreen"],"duration":19,"failureDetails":[{}],"failureMessages":["Error: Unable to find an element with accessibility label: New Goal\n\n\u001b[36m<RNCSafeAreaView>\u001b[39m\n  \u001b[36m<View>\u001b[39m\n    \u001b[36m<View>\u001b[39m\n      \u001b[36m<View\u001b[39m\n        \u001b[33maccessibilityLabel\u001b[39m=\u001b[32m\"Go back\"\u001b[39m\n        \u001b[33maccessibilityRole\u001b[39m=\u001b[32m\"button\"\u001b[39m\n        \u001b[33maccessibilityState\u001b[39m=\u001b[32m{\n          {\n            \"disabled\": false,\n          }\n        }\u001b[39m\n        \u001b[33maccessible\u001b[39m=\u001b[32m{true}\u001b[39m\n      \u001b[36m>\u001b[39m\n        \u001b[36m<View\u001b[39m\n          \u001b[33maccessible\u001b[39m=\u001b[32m{false}\u001b[39m\n        \u001b[36m>\u001b[39m\n          \u001b[36m<RNSVGSvgView>\u001b[39m\n            \u001b[36m<RNSVGGroup>\u001b[39m\n              \u001b[36m<RNSVGPath />\u001b[39m\n            \u001b[36m</RNSVGGroup>\u001b[39m\n          \u001b[36m</RNSVGSvgView>\u001b[39m\n        \u001b[36m</View>\u001b[39m\n      \u001b[36m</View>\u001b[39m\n    \u001b[36m</View>\u001b[39m\n    \u001b[36m<View>\u001b[39m\n      \u001b[36m<View>\u001b[39m\n        \u001b[36m<View>\u001b[39m\n          \u001b[36m<Text\u001b[39m\n            \u001b[33maccessibilityRole\u001b[39m=\u001b[32m\"header\"\u001b[39m\n          \u001b[36m>\u001b[39m\n            \u001b[0mGoals\u001b[0m\n          \u001b[36m</Text>\u001b[39m\n        \u001b[36m</View>\u001b[39m\n      \u001b[36m</View>\u001b[39m\n    \u001b[36m</View>\u001b[39m\n    \u001b[36m<View />\u001b[39m\n  \u001b[36m</View>\u001b[39m\n  \u001b[36m<RCTScrollView>\u001b[39m\n    \u001b[36m<View>\u001b[39m\n      \u001b[36m<View\u001b[39m\n        \u001b[33maccessibilityLabel\u001b[39m=\u001b[32m\"Goal filter\"\u001b[39m\n      \u001b[36m>\u001b[39m\n        \u001b[36m<View\u001b[39m\n          \u001b[33maccessibilityLabel\u001b[39m=\u001b[32m\"Current, 0\"\u001b[39m\n          \u001b[33maccessibilityRole\u001b[39m=\u001b[32m\"button\"\u001b[39m\n          \u001b[33maccessibilityState\u001b[39m=\u001b[32m{\n            {\n              \"selected\": true,\n            }\n          }\u001b[39m\n          \u001b[33maccessible\u001b[39m=\u001b[32m{true}\u001b[39m\n        \u001b[36m>\u001b[39m\n          \u001b[36m<Text>\u001b[39m\n            \u001b[0mCurrent\u001b[0m\n          \u001b[36m</Text>\u001b[39m\n          \u001b[36m<Text>\u001b[39m\n            \u001b[0m0\u001b[0m\n          \u001b[36m</Text>\u001b[39m\n        \u001b[36m</View>\u001b[39m\n        \u001b[36m<View\u001b[39m\n          \u001b[33maccessibilityLabel\u001b[39m=\u001b[32m\"Completed, 0\"\u001b[39m\n          \u001b[33maccessibilityRole\u001b[39m=\u001b[32m\"button\"\u001b[39m\n          \u001b[33maccessibilityState\u001b[39m=\u001b[32m{\n            {\n              \"selected\": false,\n            }\n          }\u001b[39m\n          \u001b[33maccessible\u001b[39m=\u001b[32m{true}\u001b[39m\n        \u001b[36m>\u001b[39m\n          \u001b[36m<Text>\u001b[39m\n            \u001b[0mCompleted\u001b[0m\n          \u001b[36m</Text>\u001b[39m\n          \u001b[36m<Text>\u001b[39m\n            \u001b[0m0\u001b[0m\n          \u001b[36m</Text>\u001b[39m\n        \u001b[36m</View>\u001b[39m\n        \u001b[36m<View\u001b[39m\n          \u001b[33maccessibilityLabel\u001b[39m=\u001b[32m\"Archived, 0\"\u001b[39m\n          \u001b[33maccessibilityRole\u001b[39m=\u001b[32m\"button\"\u001b[39m\n          \u001b[33maccessibilityState\u001b[39m=\u001b[32m{\n            {\n              \"selected\": false,\n            }\n          }\u001b[39m\n          \u001b[33maccessible\u001b[39m=\u001b[32m{true}\u001b[39m\n        \u001b[36m>\u001b[39m\n          \u001b[36m<Text>\u001b[39m\n            \u001b[0mArchived\u001b[0m\n          \u001b[36m</Text>\u001b[39m\n          \u001b[36m<Text>\u001b[39m\n            \u001b[0m0\u001b[0m\n          \u001b[36m</Text>\u001b[39m\n        \u001b[36m</View>\u001b[39m\n      \u001b[36m</View>\u001b[39m\n      \u001b[36m<View>\u001b[39m\n        \u001b[36m<Text>\u001b[39m\n          \u001b[0mNo active goals.\u001b[0m\n        \u001b[36m</Text>\u001b[39m\n        \u001b[36m<Text>\u001b[39m\n          \u001b[0mCreate a goal to start building a step-by-step plan.\u001b[0m\n        \u001b[36m</Text>\u001b[39m\n      \u001b[36m</View>\u001b[39m\n    \u001b[36m</View>\u001b[39m\n  \u001b[36m</RCTScrollView>\u001b[39m\n  \u001b[36m<Modal\u001b[39m\n    \u001b[33maccessibilityLabel\u001b[39m=\u001b[32m\"Create Goal modal\"\u001b[39m\n  \u001b[36m>\u001b[39m\n    \u001b[36m<View\u001b[39m\n      \u001b[33maccessibilityViewIsModal\u001b[39m=\u001b[32m{true}\u001b[39m\n    \u001b[36m>\u001b[39m\n      \u001b[36m<RNCSafeAreaView>\u001b[39m\n        \u001b[36m<View>\u001b[39m\n          \u001b[36m<RCTScrollView>\u001b[39m\n            \u001b[36m<View>\u001b[39m\n              \u001b[36m<View>\u001b[39m\n                \u001b[36m<View\u001b[39m\n                  \u001b[33maccessibilityLabel\u001b[39m=\u001b[32m\"Close Create Goal\"\u001b[39m\n                  \u001b[33maccessibilityRole\u001b[39m=\u001b[32m\"button\"\u001b[39m\n                  \u001b[33maccessibilityState\u001b[39m=\u001b[32m{\n                    {\n                      \"disabled\": false,\n                    }\n                  }\u001b[39m\n                  \u001b[33maccessible\u001b[39m=\u001b[32m{true}\u001b[39m\n                \u001b[36m>\u001b[39m\n                  \u001b[36m<View\u001b[39m\n                    \u001b[33maccessible\u001b[39m=\u001b[32m{false}\u001b[39m\n                  \u001b[36m>\u001b[39m\n                    \u001b[36m<RNSVGSvgView>\u001b[39m\n                      \u001b[36m<RNSVGGroup>\u001b[39m\n                        \u001b[36m<RNSVGPath />\u001b[39m\n                      \u001b[36m</RNSVGGroup>\u001b[39m\n                    \u001b[36m</RNSVGSvgView>\u001b[39m\n                  \u001b[36m</View>\u001b[39m\n                \u001b[36m</View>\u001b[39m\n                \u001b[36m<Text\u001b[39m\n                  \u001b[33maccessibilityRole\u001b[39m=\u001b[32m\"header\"\u001b[39m\n                \u001b[36m>\u001b[39m\n                  \u001b[0mCreate Goal\u001b[0m\n                \u001b[36m</Text>\u001b[39m\n                \u001b[36m<View />\u001b[39m\n              \u001b[36m</View>\u001b[39m\n              \u001b[36m<Text>\u001b[39m\n                \u001b[0mStep 1 of 5: SMART Setup\u001b[0m\n              \u001b[36m</Text>\u001b[39m\n              \u001b[36m<View\u001b[39m\n                \u001b[33maccessibilityLabel\u001b[39m=\u001b[32m\"Step 1 of 5: SMART Setup\"\u001b[39m\n              \u001b[36m>\u001b[39m\n                \u001b[36m<View>\u001b[39m\n                  \u001b[36m<View>\u001b[39m\n                    \u001b[36m<Text>\u001b[39m\n                      \u001b[0m1\u001b[0m\n                    \u001b[36m</Text>\u001b[39m\n                  \u001b[36m</View>\u001b[39m\n                  \u001b[36m<View />\u001b[39m\n                \u001b[36m</View>\u001b[39m\n                \u001b[36m<View>\u001b[39m\n                  \u001b[36m<View>\u001b[39m\n                    \u001b[36m<Text>\u001b[39m\n                      \u001b[0m2\u001b[0m\n                    \u001b[36m</Text>\u001b[39m\n                  \u001b[36m</View>\u001b[39m\n                  \u001b[36m<View />\u001b[39m\n                \u001b[36m</View>\u001b[39m\n                \u001b[36m<View>\u001b[39m\n                  \u001b[36m<View>\u001b[39m\n                    \u001b[36m<Text>\u001b[39m\n                      \u001b[0m3\u001b[0m\n                    \u001b[36m</Text>\u001b[39m\n                  \u001b[36m</View>\u001b[39m\n                  \u001b[36m<View />\u001b[39m\n                \u001b[36m</View>\u001b[39m\n                \u001b[36m<View>\u001b[39m\n                  \u001b[36m<View>\u001b[39m\n                    \u001b[36m<Text>\u001b[39m\n                      \u001b[0m4\u001b[0m\n                    \u001b[36m</Text>\u001b[39m\n                  \u001b[36m</View>\u001b[39m\n                  \u001b[36m<View />\u001b[39m\n                \u001b[36m</View>\u001b[39m\n                \u001b[36m<View>\u001b[39m\n                  \u001b[36m<View>\u001b[39m\n                    \u001b[36m<Text>\u001b[39m\n                      \u001b[0m5\u001b[0m\n                    \u001b[36m</Text>\u001b[39m\n                  \u001b[36m</View>\u001b[39m\n                \u001b[36m</View>\u001b[39m\n              \u001b[36m</View>\u001b[39m\n              \u001b[36m<View>\u001b[39m\n                \u001b[36m<Text>\u001b[39m\n                  \u001b[0mLet's create a SMART goal\u001b[0m\n                \u001b[36m</Text>\u001b[39m\n                \u001b[36m<Text>\u001b[39m\n                  \u001b[0mSpecific, measurable, achievable, relevant, and time-bound goals make the next step clear.\u001b[0m\n                \u001b[36m</Text>\u001b[39m\n                \u001b[36m<View>\u001b[39m\n                  \u001b[36m<View>\u001b[39m\n                    \u001b[36m<View>\u001b[39m\n                      \u001b[36m<Text>\u001b[39m\n                        \u001b[0mS\u001b[0m\n                      \u001b[36m</Text>\u001b[39m\n                    \u001b[36m</View>\u001b[39m\n                    \u001b[36m<View>\u001b[39m\n                      \u001b[36m<Text>\u001b[39m\n                        \u001b[0mSpecific\u001b[0m\n                      \u001b[36m</Text>\u001b[39m\n                      \u001b[36m<Text>\u001b[39m\n                        \u001b[0mClear and well-defined\u001b[0m\n                      \u001b[36m</Text>\u001b[39m\n                    \u001b[36m</View>\u001b[39m\n                  \u001b[36m</View>\u001b[39m\n                  \u001b[36m<View>\u001b[39m\n                    \u001b[36m<View>\u001b[39m\n                      \u001b[36m<Text>\u001b[39m\n                        \u001b[0mM\u001b[0m\n                      \u001b[36m</Text>\u001b[39m\n                    \u001b[36m</View>\u001b[39m\n                    \u001b[36m<View>\u001b[39m\n                      \u001b[36m<Text>\u001b[39m\n                        \u001b[0mMeasurable\u001b[0m\n                      \u001b[36m</Text>\u001b[39m\n                      \u001b[36m<Text>\u001b[39m\n                        \u001b[0mTrack progress and quantity\u001b[0m\n                      \u001b[36m</Text>\u001b[39m\n                    \u001b[36m</View>\u001b[39m\n                  \u001b[36m</View>\u001b[39m\n                  \u001b[36m<View>\u001b[39m\n                    \u001b[36m<View>\u001b[39m\n                      \u001b[36m<Text>\u001b[39m\n                        \u001b[0mA\u001b[0m\n                      \u001b[36m</Text>\u001b[39m\n                    \u001b[36m</View>\u001b[39m\n                    \u001b[36m<View>\u001b[39m\n                      \u001b[36m<Text>\u001b[39m\n                        \u001b[0mAchievable\u001b[0m\n                      \u001b[36m</Text>\u001b[39m\n                      \u001b[36m<Text>\u001b[39m\n                        \u001b[0mRealistic and attainable\u001b[0m\n                      \u001b[36m</Text>\u001b[39m\n                    \u001b[36m</View>\u001b[39m\n                  \u001b[36m</View>\u001b[39m\n                  \u001b[36m<View>\u001b[39m\n                    \u001b[36m<View>\u001b[39m\n                      \u001b[36m<Text>\u001b[39m\n                        \u001b[0mR\u001b[0m\n                      \u001b[36m</Text>\u001b[39m\n                    \u001b[36m</View>\u001b[39m\n                    \u001b[36m<View>\u001b[39m\n                      \u001b[36m<Text>\u001b[39m\n                        \u001b[0mRelevant\u001b[0m\n                      \u001b[36m</Text>\u001b[39m\n                      \u001b[36m<Text>\u001b[39m\n                        \u001b[0mAligned with your values\u001b[0m\n                      \u001b[36m</Text>\u001b[39m\n                    \u001b[36m</View>\u001b[39m\n                  \u001b[36m</View>\u001b[39m\n                  \u001b[36m<View>\u001b[39m\n                    \u001b[36m<View>\u001b[39m\n                      \u001b[36m<Text>\u001b[39m\n                        \u001b[0mT\u001b[0m\n                      \u001b[36m</Text>\u001b[39m\n                    \u001b[36m</View>\u001b[39m\n                    \u001b[36m<View>\u001b[39m\n                      \u001b[36m<Text>\u001b[39m\n                        \u001b[0mTime-bound\u001b[0m\n                      \u001b[36m</Text>\u001b[39m\n                      \u001b[36m<Text>\u001b[39m\n                        \u001b[0mHas a clear deadline\u001b[0m\n                      \u001b[36m</Text>\u001b[39m\n                    \u001b[36m</View>\u001b[39m\n                  \u001b[36m</View>\u001b[39m\n                \u001b[36m</View>\u001b[39m\n              \u001b[36m</View>\u001b[39m\n              \u001b[36m<View>\u001b[39m\n                \u001b[36m<View\u001b[39m\n                  \u001b[33maccessibilityLabel\u001b[39m=\u001b[32m\"Continue\"\u001b[39m\n                  \u001b[33maccessibilityRole\u001b[39m=\u001b[32m\"button\"\u001b[39m\n                  \u001b[33maccessibilityState\u001b[39m=\u001b[32m{\n                    {\n                      \"busy\": false,\n                      \"disabled\": false,\n                    }\n                  }\u001b[39m\n                  \u001b[33maccessible\u001b[39m=\u001b[32m{true}\u001b[39m\n                \u001b[36m>\u001b[39m\n                  \u001b[36m<Text>\u001b[39m\n                    \u001b[0mContinue\u001b[0m\n                  \u001b[36m</Text>\u001b[39m\n                \u001b[36m</View>\u001b[39m\n              \u001b[36m</View>\u001b[39m\n            \u001b[36m</View>\u001b[39m\n          \u001b[36m</RCTScrollView>\u001b[39m\n        \u001b[36m</View>\u001b[39m\n      \u001b[36m</RNCSafeAreaView>\u001b[39m\n    \u001b[36m</View>\u001b[39m\n  \u001b[36m</Modal>\u001b[39m\n\u001b[36m</RNCSafeAreaView>\u001b[39m\n    at getByLabelText (C:\\Code\\Bearing\\mobile\\src\\__tests__\\GoalsScreen.test.tsx:193:26)\n    at Object.openAiPlanningStep (C:\\Code\\Bearing\\mobile\\src\\__tests__\\GoalsScreen.test.tsx:548:5)\n    at Generator.next (<anonymous>)\n    at asyncGeneratorStep (C:\\Code\\Bearing\\mobile\\node_modules\\@babel\\runtime\\helpers\\asyncToGenerator.js:3:17)\n    at _next (C:\\Code\\Bearing\\mobile\\node_modules\\@babel\\runtime\\helpers\\asyncToGenerator.js:17:9)\n    at C:\\Code\\Bearing\\mobile\\node_modules\\@babel\\runtime\\helpers\\asyncToGenerator.js:22:7\n    at new Promise (<anonymous>)\n    at Object.<anonymous> (C:\\Code\\Bearing\\mobile\\node_modules\\@babel\\runtime\\helpers\\asyncToGenerator.js:14:12)\n    at Promise.then.completed (C:\\Code\\Bearing\\mobile\\node_modules\\jest-circus\\build\\utils.js:298:28)\n    at new Promise (<anonymous>)\n    at callAsyncCircusFn (C:\\Code\\Bearing\\mobile\\node_modules\\jest-circus\\build\\utils.js:231:10)\n    at _callCircusTest (C:\\Code\\Bearing\\mobile\\node_modules\\jest-circus\\build\\run.js:316:40)\n    at _runTest (C:\\Code\\Bearing\\mobile\\node_modules\\jest-circus\\build\\run.js:252:3)\n    at _runTestsForDescribeBlock (C:\\Code\\Bearing\\mobile\\node_modules\\jest-circus\\build\\run.js:126:9)\n    at _runTestsForDescribeBlock (C:\\Code\\Bearing\\mobile\\node_modules\\jest-circus\\build\\run.js:121:9)\n    at run (C:\\Code\\Bearing\\mobile\\node_modules\\jest-circus\\build\\run.js:71:3)\n    at runAndTransformResultsToJestFormat (C:\\Code\\Bearing\\mobile\\node_modules\\jest-circus\\build\\legacy-code-todo-rewrite\\jestAdapterInit.js:122:21)\n    at jestAdapter (C:\\Code\\Bearing\\mobile\\node_modules\\jest-circus\\build\\legacy-code-todo-rewrite\\jestAdapter.js:79:19)\n    at runTestInternal (C:\\Code\\Bearing\\mobile\\node_modules\\jest-runner\\build\\runTest.js:367:16)\n    at runTest (C:\\Code\\Bearing\\mobile\\node_modules\\jest-runner\\build\\runTest.js:444:34)"],"fullName":"GoalsScreen shows clear progress while generating an AI draft","invocations":1,"location":null,"numPassingAsserts":0,"retryReasons":[],"status":"failed","title":"shows clear progress while generating an AI draft"},{"ancestorTitles":["GoalsScreen"],"duration":20,"failureDetails":[{}],"failureMessages":["Error: Unable to find an element with text: New Goal\n\n\u001b[36m<RNCSafeAreaView>\u001b[39m\n  \u001b[36m<View>\u001b[39m\n    \u001b[36m<View>\u001b[39m\n      \u001b[36m<View\u001b[39m\n        \u001b[33maccessibilityLabel\u001b[39m=\u001b[32m\"Go back\"\u001b[39m\n        \u001b[33maccessibilityRole\u001b[39m=\u001b[32m\"button\"\u001b[39m\n        \u001b[33maccessibilityState\u001b[39m=\u001b[32m{\n          {\n            \"disabled\": false,\n          }\n        }\u001b[39m\n        \u001b[33maccessible\u001b[39m=\u001b[32m{true}\u001b[39m\n      \u001b[36m>\u001b[39m\n        \u001b[36m<View\u001b[39m\n          \u001b[33maccessible\u001b[39m=\u001b[32m{false}\u001b[39m\n        \u001b[36m>\u001b[39m\n          \u001b[36m<RNSVGSvgView>\u001b[39m\n            \u001b[36m<RNSVGGroup>\u001b[39m\n              \u001b[36m<RNSVGPath />\u001b[39m\n            \u001b[36m</RNSVGGroup>\u001b[39m\n          \u001b[36m</RNSVGSvgView>\u001b[39m\n        \u001b[36m</View>\u001b[39m\n      \u001b[36m</View>\u001b[39m\n    \u001b[36m</View>\u001b[39m\n    \u001b[36m<View>\u001b[39m\n      \u001b[36m<View>\u001b[39m\n        \u001b[36m<View>\u001b[39m\n          \u001b[36m<Text\u001b[39m\n            \u001b[33maccessibilityRole\u001b[39m=\u001b[32m\"header\"\u001b[39m\n          \u001b[36m>\u001b[39m\n            \u001b[0mGoals\u001b[0m\n          \u001b[36m</Text>\u001b[39m\n        \u001b[36m</View>\u001b[39m\n      \u001b[36m</View>\u001b[39m\n    \u001b[36m</View>\u001b[39m\n    \u001b[36m<View />\u001b[39m\n  \u001b[36m</View>\u001b[39m\n  \u001b[36m<RCTScrollView>\u001b[39m\n    \u001b[36m<View>\u001b[39m\n      \u001b[36m<View\u001b[39m\n        \u001b[33maccessibilityLabel\u001b[39m=\u001b[32m\"Goal filter\"\u001b[39m\n      \u001b[36m>\u001b[39m\n        \u001b[36m<View\u001b[39m\n          \u001b[33maccessibilityLabel\u001b[39m=\u001b[32m\"Current, 0\"\u001b[39m\n          \u001b[33maccessibilityRole\u001b[39m=\u001b[32m\"button\"\u001b[39m\n          \u001b[33maccessibilityState\u001b[39m=\u001b[32m{\n            {\n              \"selected\": true,\n            }\n          }\u001b[39m\n          \u001b[33maccessible\u001b[39m=\u001b[32m{true}\u001b[39m\n        \u001b[36m>\u001b[39m\n          \u001b[36m<Text>\u001b[39m\n            \u001b[0mCurrent\u001b[0m\n          \u001b[36m</Text>\u001b[39m\n          \u001b[36m<Text>\u001b[39m\n            \u001b[0m0\u001b[0m\n          \u001b[36m</Text>\u001b[39m\n        \u001b[36m</View>\u001b[39m\n        \u001b[36m<View\u001b[39m\n          \u001b[33maccessibilityLabel\u001b[39m=\u001b[32m\"Completed, 0\"\u001b[39m\n          \u001b[33maccessibilityRole\u001b[39m=\u001b[32m\"button\"\u001b[39m\n          \u001b[33maccessibilityState\u001b[39m=\u001b[32m{\n            {\n              \"selected\": false,\n            }\n          }\u001b[39m\n          \u001b[33maccessible\u001b[39m=\u001b[32m{true}\u001b[39m\n        \u001b[36m>\u001b[39m\n          \u001b[36m<Text>\u001b[39m\n            \u001b[0mCompleted\u001b[0m\n          \u001b[36m</Text>\u001b[39m\n          \u001b[36m<Text>\u001b[39m\n            \u001b[0m0\u001b[0m\n          \u001b[36m</Text>\u001b[39m\n        \u001b[36m</View>\u001b[39m\n        \u001b[36m<View\u001b[39m\n          \u001b[33maccessibilityLabel\u001b[39m=\u001b[32m\"Archived, 0\"\u001b[39m\n          \u001b[33maccessibilityRole\u001b[39m=\u001b[32m\"button\"\u001b[39m\n          \u001b[33maccessibilityState\u001b[39m=\u001b[32m{\n            {\n              \"selected\": false,\n            }\n          }\u001b[39m\n          \u001b[33maccessible\u001b[39m=\u001b[32m{true}\u001b[39m\n        \u001b[36m>\u001b[39m\n          \u001b[36m<Text>\u001b[39m\n            \u001b[0mArchived\u001b[0m\n          \u001b[36m</Text>\u001b[39m\n          \u001b[36m<Text>\u001b[39m\n            \u001b[0m0\u001b[0m\n          \u001b[36m</Text>\u001b[39m\n        \u001b[36m</View>\u001b[39m\n      \u001b[36m</View>\u001b[39m\n      \u001b[36m<View>\u001b[39m\n        \u001b[36m<Text>\u001b[39m\n          \u001b[0mNo active goals.\u001b[0m\n        \u001b[36m</Text>\u001b[39m\n        \u001b[36m<Text>\u001b[39m\n          \u001b[0mCreate a goal to start building a step-by-step plan.\u001b[0m\n        \u001b[36m</Text>\u001b[39m\n      \u001b[36m</View>\u001b[39m\n    \u001b[36m</View>\u001b[39m\n  \u001b[36m</RCTScrollView>\u001b[39m\n  \u001b[36m<Modal\u001b[39m\n    \u001b[33maccessibilityLabel\u001b[39m=\u001b[32m\"Create Goal modal\"\u001b[39m\n  \u001b[36m>\u001b[39m\n    \u001b[36m<View\u001b[39m\n      \u001b[33maccessibilityViewIsModal\u001b[39m=\u001b[32m{true}\u001b[39m\n    \u001b[36m>\u001b[39m\n      \u001b[36m<RNCSafeAreaView>\u001b[39m\n        \u001b[36m<View>\u001b[39m\n          \u001b[36m<RCTScrollView>\u001b[39m\n            \u001b[36m<View>\u001b[39m\n              \u001b[36m<View>\u001b[39m\n                \u001b[36m<View\u001b[39m\n                  \u001b[33maccessibilityLabel\u001b[39m=\u001b[32m\"Close Create Goal\"\u001b[39m\n                  \u001b[33maccessibilityRole\u001b[39m=\u001b[32m\"button\"\u001b[39m\n                  \u001b[33maccessibilityState\u001b[39m=\u001b[32m{\n                    {\n                      \"disabled\": false,\n                    }\n                  }\u001b[39m\n                  \u001b[33maccessible\u001b[39m=\u001b[32m{true}\u001b[39m\n                \u001b[36m>\u001b[39m\n                  \u001b[36m<View\u001b[39m\n                    \u001b[33maccessible\u001b[39m=\u001b[32m{false}\u001b[39m\n                  \u001b[36m>\u001b[39m\n                    \u001b[36m<RNSVGSvgView>\u001b[39m\n                      \u001b[36m<RNSVGGroup>\u001b[39m\n                        \u001b[36m<RNSVGPath />\u001b[39m\n                      \u001b[36m</RNSVGGroup>\u001b[39m\n                    \u001b[36m</RNSVGSvgView>\u001b[39m\n                  \u001b[36m</View>\u001b[39m\n                \u001b[36m</View>\u001b[39m\n                \u001b[36m<Text\u001b[39m\n                  \u001b[33maccessibilityRole\u001b[39m=\u001b[32m\"header\"\u001b[39m\n                \u001b[36m>\u001b[39m\n                  \u001b[0mCreate Goal\u001b[0m\n                \u001b[36m</Text>\u001b[39m\n                \u001b[36m<View />\u001b[39m\n              \u001b[36m</View>\u001b[39m\n              \u001b[36m<Text>\u001b[39m\n                \u001b[0mStep 1 of 5: SMART Setup\u001b[0m\n              \u001b[36m</Text>\u001b[39m\n              \u001b[36m<View\u001b[39m\n                \u001b[33maccessibilityLabel\u001b[39m=\u001b[32m\"Step 1 of 5: SMART Setup\"\u001b[39m\n              \u001b[36m>\u001b[39m\n                \u001b[36m<View>\u001b[39m\n                  \u001b[36m<View>\u001b[39m\n                    \u001b[36m<Text>\u001b[39m\n                      \u001b[0m1\u001b[0m\n                    \u001b[36m</Text>\u001b[39m\n                  \u001b[36m</View>\u001b[39m\n                  \u001b[36m<View />\u001b[39m\n                \u001b[36m</View>\u001b[39m\n                \u001b[36m<View>\u001b[39m\n                  \u001b[36m<View>\u001b[39m\n                    \u001b[36m<Text>\u001b[39m\n                      \u001b[0m2\u001b[0m\n                    \u001b[36m</Text>\u001b[39m\n                  \u001b[36m</View>\u001b[39m\n                  \u001b[36m<View />\u001b[39m\n                \u001b[36m</View>\u001b[39m\n                \u001b[36m<View>\u001b[39m\n                  \u001b[36m<View>\u001b[39m\n                    \u001b[36m<Text>\u001b[39m\n                      \u001b[0m3\u001b[0m\n                    \u001b[36m</Text>\u001b[39m\n                  \u001b[36m</View>\u001b[39m\n                  \u001b[36m<View />\u001b[39m\n                \u001b[36m</View>\u001b[39m\n                \u001b[36m<View>\u001b[39m\n                  \u001b[36m<View>\u001b[39m\n                    \u001b[36m<Text>\u001b[39m\n                      \u001b[0m4\u001b[0m\n                    \u001b[36m</Text>\u001b[39m\n                  \u001b[36m</View>\u001b[39m\n                  \u001b[36m<View />\u001b[39m\n                \u001b[36m</View>\u001b[39m\n                \u001b[36m<View>\u001b[39m\n                  \u001b[36m<View>\u001b[39m\n                    \u001b[36m<Text>\u001b[39m\n                      \u001b[0m5\u001b[0m\n                    \u001b[36m</Text>\u001b[39m\n                  \u001b[36m</View>\u001b[39m\n                \u001b[36m</View>\u001b[39m\n              \u001b[36m</View>\u001b[39m\n              \u001b[36m<View>\u001b[39m\n                \u001b[36m<Text>\u001b[39m\n                  \u001b[0mLet's create a SMART goal\u001b[0m\n                \u001b[36m</Text>\u001b[39m\n                \u001b[36m<Text>\u001b[39m\n                  \u001b[0mSpecific, measurable, achievable, relevant, and time-bound goals make the next step clear.\u001b[0m\n                \u001b[36m</Text>\u001b[39m\n                \u001b[36m<View>\u001b[39m\n                  \u001b[36m<View>\u001b[39m\n                    \u001b[36m<View>\u001b[39m\n                      \u001b[36m<Text>\u001b[39m\n                        \u001b[0mS\u001b[0m\n                      \u001b[36m</Text>\u001b[39m\n                    \u001b[36m</View>\u001b[39m\n                    \u001b[36m<View>\u001b[39m\n                      \u001b[36m<Text>\u001b[39m\n                        \u001b[0mSpecific\u001b[0m\n                      \u001b[36m</Text>\u001b[39m\n                      \u001b[36m<Text>\u001b[39m\n                        \u001b[0mClear and well-defined\u001b[0m\n                      \u001b[36m</Text>\u001b[39m\n                    \u001b[36m</View>\u001b[39m\n                  \u001b[36m</View>\u001b[39m\n                  \u001b[36m<View>\u001b[39m\n                    \u001b[36m<View>\u001b[39m\n                      \u001b[36m<Text>\u001b[39m\n                        \u001b[0mM\u001b[0m\n                      \u001b[36m</Text>\u001b[39m\n                    \u001b[36m</View>\u001b[39m\n                    \u001b[36m<View>\u001b[39m\n                      \u001b[36m<Text>\u001b[39m\n                        \u001b[0mMeasurable\u001b[0m\n                      \u001b[36m</Text>\u001b[39m\n                      \u001b[36m<Text>\u001b[39m\n                        \u001b[0mTrack progress and quantity\u001b[0m\n                      \u001b[36m</Text>\u001b[39m\n                    \u001b[36m</View>\u001b[39m\n                  \u001b[36m</View>\u001b[39m\n                  \u001b[36m<View>\u001b[39m\n                    \u001b[36m<View>\u001b[39m\n                      \u001b[36m<Text>\u001b[39m\n                        \u001b[0mA\u001b[0m\n                      \u001b[36m</Text>\u001b[39m\n                    \u001b[36m</View>\u001b[39m\n                    \u001b[36m<View>\u001b[39m\n                      \u001b[36m<Text>\u001b[39m\n                        \u001b[0mAchievable\u001b[0m\n                      \u001b[36m</Text>\u001b[39m\n                      \u001b[36m<Text>\u001b[39m\n                        \u001b[0mRealistic and attainable\u001b[0m\n                      \u001b[36m</Text>\u001b[39m\n                    \u001b[36m</View>\u001b[39m\n                  \u001b[36m</View>\u001b[39m\n                  \u001b[36m<View>\u001b[39m\n                    \u001b[36m<View>\u001b[39m\n                      \u001b[36m<Text>\u001b[39m\n                        \u001b[0mR\u001b[0m\n                      \u001b[36m</Text>\u001b[39m\n                    \u001b[36m</View>\u001b[39m\n                    \u001b[36m<View>\u001b[39m\n                      \u001b[36m<Text>\u001b[39m\n                        \u001b[0mRelevant\u001b[0m\n                      \u001b[36m</Text>\u001b[39m\n                      \u001b[36m<Text>\u001b[39m\n                        \u001b[0mAligned with your values\u001b[0m\n                      \u001b[36m</Text>\u001b[39m\n                    \u001b[36m</View>\u001b[39m\n                  \u001b[36m</View>\u001b[39m\n                  \u001b[36m<View>\u001b[39m\n                    \u001b[36m<View>\u001b[39m\n                      \u001b[36m<Text>\u001b[39m\n                        \u001b[0mT\u001b[0m\n                      \u001b[36m</Text>\u001b[39m\n                    \u001b[36m</View>\u001b[39m\n                    \u001b[36m<View>\u001b[39m\n                      \u001b[36m<Text>\u001b[39m\n                        \u001b[0mTime-bound\u001b[0m\n                      \u001b[36m</Text>\u001b[39m\n                      \u001b[36m<Text>\u001b[39m\n                        \u001b[0mHas a clear deadline\u001b[0m\n                      \u001b[36m</Text>\u001b[39m\n                    \u001b[36m</View>\u001b[39m\n                  \u001b[36m</View>\u001b[39m\n                \u001b[36m</View>\u001b[39m\n              \u001b[36m</View>\u001b[39m\n              \u001b[36m<View>\u001b[39m\n                \u001b[36m<View\u001b[39m\n                  \u001b[33maccessibilityLabel\u001b[39m=\u001b[32m\"Continue\"\u001b[39m\n                  \u001b[33maccessibilityRole\u001b[39m=\u001b[32m\"button\"\u001b[39m\n                  \u001b[33maccessibilityState\u001b[39m=\u001b[32m{\n                    {\n                      \"busy\": false,\n                      \"disabled\": false,\n                    }\n                  }\u001b[39m\n                  \u001b[33maccessible\u001b[39m=\u001b[32m{true}\u001b[39m\n                \u001b[36m>\u001b[39m\n                  \u001b[36m<Text>\u001b[39m\n                    \u001b[0mContinue\u001b[0m\n                  \u001b[36m</Text>\u001b[39m\n                \u001b[36m</View>\u001b[39m\n              \u001b[36m</View>\u001b[39m\n            \u001b[36m</View>\u001b[39m\n          \u001b[36m</RCTScrollView>\u001b[39m\n        \u001b[36m</View>\u001b[39m\n      \u001b[36m</RNCSafeAreaView>\u001b[39m\n    \u001b[36m</View>\u001b[39m\n  \u001b[36m</Modal>\u001b[39m\n\u001b[36m</RNCSafeAreaView>\u001b[39m\n    at Object.getByText (C:\\Code\\Bearing\\mobile\\src\\__tests__\\GoalsScreen.test.tsx:625:28)\n    at Generator.next (<anonymous>)\n    at asyncGeneratorStep (C:\\Code\\Bearing\\mobile\\node_modules\\@babel\\runtime\\helpers\\asyncToGenerator.js:3:17)\n    at _next (C:\\Code\\Bearing\\mobile\\node_modules\\@babel\\runtime\\helpers\\asyncToGenerator.js:17:9)\n    at C:\\Code\\Bearing\\mobile\\node_modules\\@babel\\runtime\\helpers\\asyncToGenerator.js:22:7\n    at new Promise (<anonymous>)\n    at Object.<anonymous> (C:\\Code\\Bearing\\mobile\\node_modules\\@babel\\runtime\\helpers\\asyncToGenerator.js:14:12)\n    at Promise.then.completed (C:\\Code\\Bearing\\mobile\\node_modules\\jest-circus\\build\\utils.js:298:28)\n    at new Promise (<anonymous>)\n    at callAsyncCircusFn (C:\\Code\\Bearing\\mobile\\node_modules\\jest-circus\\build\\utils.js:231:10)\n    at _callCircusTest (C:\\Code\\Bearing\\mobile\\node_modules\\jest-circus\\build\\run.js:316:40)\n    at _runTest (C:\\Code\\Bearing\\mobile\\node_modules\\jest-circus\\build\\run.js:252:3)\n    at _runTestsForDescribeBlock (C:\\Code\\Bearing\\mobile\\node_modules\\jest-circus\\build\\run.js:126:9)\n    at _runTestsForDescribeBlock (C:\\Code\\Bearing\\mobile\\node_modules\\jest-circus\\build\\run.js:121:9)\n    at run (C:\\Code\\Bearing\\mobile\\node_modules\\jest-circus\\build\\run.js:71:3)\n    at runAndTransformResultsToJestFormat (C:\\Code\\Bearing\\mobile\\node_modules\\jest-circus\\build\\legacy-code-todo-rewrite\\jestAdapterInit.js:122:21)\n    at jestAdapter (C:\\Code\\Bearing\\mobile\\node_modules\\jest-circus\\build\\legacy-code-todo-rewrite\\jestAdapter.js:79:19)\n    at runTestInternal (C:\\Code\\Bearing\\mobile\\node_modules\\jest-runner\\build\\runTest.js:367:16)\n    at runTest (C:\\Code\\Bearing\\mobile\\node_modules\\jest-runner\\build\\runTest.js:444:34)"],"fullName":"GoalsScreen generates an editable AI draft before saving for premium users","invocations":1,"location":null,"numPassingAsserts":0,"retryReasons":[],"status":"failed","title":"generates an editable AI draft before saving for premium users"},{"ancestorTitles":["GoalsScreen"],"duration":20,"failureDetails":[{}],"failureMessages":["Error: Unable to find an element with text: New Goal\n\n\u001b[36m<RNCSafeAreaView>\u001b[39m\n  \u001b[36m<View>\u001b[39m\n    \u001b[36m<View>\u001b[39m\n      \u001b[36m<View\u001b[39m\n        \u001b[33maccessibilityLabel\u001b[39m=\u001b[32m\"Go back\"\u001b[39m\n        \u001b[33maccessibilityRole\u001b[39m=\u001b[32m\"button\"\u001b[39m\n        \u001b[33maccessibilityState\u001b[39m=\u001b[32m{\n          {\n            \"disabled\": false,\n          }\n        }\u001b[39m\n        \u001b[33maccessible\u001b[39m=\u001b[32m{true}\u001b[39m\n      \u001b[36m>\u001b[39m\n        \u001b[36m<View\u001b[39m\n          \u001b[33maccessible\u001b[39m=\u001b[32m{false}\u001b[39m\n        \u001b[36m>\u001b[39m\n          \u001b[36m<RNSVGSvgView>\u001b[39m\n            \u001b[36m<RNSVGGroup>\u001b[39m\n              \u001b[36m<RNSVGPath />\u001b[39m\n            \u001b[36m</RNSVGGroup>\u001b[39m\n          \u001b[36m</RNSVGSvgView>\u001b[39m\n        \u001b[36m</View>\u001b[39m\n      \u001b[36m</View>\u001b[39m\n    \u001b[36m</View>\u001b[39m\n    \u001b[36m<View>\u001b[39m\n      \u001b[36m<View>\u001b[39m\n        \u001b[36m<View>\u001b[39m\n          \u001b[36m<Text\u001b[39m\n            \u001b[33maccessibilityRole\u001b[39m=\u001b[32m\"header\"\u001b[39m\n          \u001b[36m>\u001b[39m\n            \u001b[0mGoals\u001b[0m\n          \u001b[36m</Text>\u001b[39m\n        \u001b[36m</View>\u001b[39m\n      \u001b[36m</View>\u001b[39m\n    \u001b[36m</View>\u001b[39m\n    \u001b[36m<View />\u001b[39m\n  \u001b[36m</View>\u001b[39m\n  \u001b[36m<RCTScrollView>\u001b[39m\n    \u001b[36m<View>\u001b[39m\n      \u001b[36m<View\u001b[39m\n        \u001b[33maccessibilityLabel\u001b[39m=\u001b[32m\"Goal filter\"\u001b[39m\n      \u001b[36m>\u001b[39m\n        \u001b[36m<View\u001b[39m\n          \u001b[33maccessibilityLabel\u001b[39m=\u001b[32m\"Current, 0\"\u001b[39m\n          \u001b[33maccessibilityRole\u001b[39m=\u001b[32m\"button\"\u001b[39m\n          \u001b[33maccessibilityState\u001b[39m=\u001b[32m{\n            {\n              \"selected\": true,\n            }\n          }\u001b[39m\n          \u001b[33maccessible\u001b[39m=\u001b[32m{true}\u001b[39m\n        \u001b[36m>\u001b[39m\n          \u001b[36m<Text>\u001b[39m\n            \u001b[0mCurrent\u001b[0m\n          \u001b[36m</Text>\u001b[39m\n          \u001b[36m<Text>\u001b[39m\n            \u001b[0m0\u001b[0m\n          \u001b[36m</Text>\u001b[39m\n        \u001b[36m</View>\u001b[39m\n        \u001b[36m<View\u001b[39m\n          \u001b[33maccessibilityLabel\u001b[39m=\u001b[32m\"Completed, 0\"\u001b[39m\n          \u001b[33maccessibilityRole\u001b[39m=\u001b[32m\"button\"\u001b[39m\n          \u001b[33maccessibilityState\u001b[39m=\u001b[32m{\n            {\n              \"selected\": false,\n            }\n          }\u001b[39m\n          \u001b[33maccessible\u001b[39m=\u001b[32m{true}\u001b[39m\n        \u001b[36m>\u001b[39m\n          \u001b[36m<Text>\u001b[39m\n            \u001b[0mCompleted\u001b[0m\n          \u001b[36m</Text>\u001b[39m\n          \u001b[36m<Text>\u001b[39m\n            \u001b[0m0\u001b[0m\n          \u001b[36m</Text>\u001b[39m\n        \u001b[36m</View>\u001b[39m\n        \u001b[36m<View\u001b[39m\n          \u001b[33maccessibilityLabel\u001b[39m=\u001b[32m\"Archived, 0\"\u001b[39m\n          \u001b[33maccessibilityRole\u001b[39m=\u001b[32m\"button\"\u001b[39m\n          \u001b[33maccessibilityState\u001b[39m=\u001b[32m{\n            {\n              \"selected\": false,\n            }\n          }\u001b[39m\n          \u001b[33maccessible\u001b[39m=\u001b[32m{true}\u001b[39m\n        \u001b[36m>\u001b[39m\n          \u001b[36m<Text>\u001b[39m\n            \u001b[0mArchived\u001b[0m\n          \u001b[36m</Text>\u001b[39m\n          \u001b[36m<Text>\u001b[39m\n            \u001b[0m0\u001b[0m\n          \u001b[36m</Text>\u001b[39m\n        \u001b[36m</View>\u001b[39m\n      \u001b[36m</View>\u001b[39m\n      \u001b[36m<View>\u001b[39m\n        \u001b[36m<Text>\u001b[39m\n          \u001b[0mNo active goals.\u001b[0m\n        \u001b[36m</Text>\u001b[39m\n        \u001b[36m<Text>\u001b[39m\n          \u001b[0mCreate a goal to start building a step-by-step plan.\u001b[0m\n        \u001b[36m</Text>\u001b[39m\n      \u001b[36m</View>\u001b[39m\n    \u001b[36m</View>\u001b[39m\n  \u001b[36m</RCTScrollView>\u001b[39m\n  \u001b[36m<Modal\u001b[39m\n    \u001b[33maccessibilityLabel\u001b[39m=\u001b[32m\"Create Goal modal\"\u001b[39m\n  \u001b[36m>\u001b[39m\n    \u001b[36m<View\u001b[39m\n      \u001b[33maccessibilityViewIsModal\u001b[39m=\u001b[32m{true}\u001b[39m\n    \u001b[36m>\u001b[39m\n      \u001b[36m<RNCSafeAreaView>\u001b[39m\n        \u001b[36m<View>\u001b[39m\n          \u001b[36m<RCTScrollView>\u001b[39m\n            \u001b[36m<View>\u001b[39m\n              \u001b[36m<View>\u001b[39m\n                \u001b[36m<View\u001b[39m\n                  \u001b[33maccessibilityLabel\u001b[39m=\u001b[32m\"Close Create Goal\"\u001b[39m\n                  \u001b[33maccessibilityRole\u001b[39m=\u001b[32m\"button\"\u001b[39m\n                  \u001b[33maccessibilityState\u001b[39m=\u001b[32m{\n                    {\n                      \"disabled\": false,\n                    }\n                  }\u001b[39m\n                  \u001b[33maccessible\u001b[39m=\u001b[32m{true}\u001b[39m\n                \u001b[36m>\u001b[39m\n                  \u001b[36m<View\u001b[39m\n                    \u001b[33maccessible\u001b[39m=\u001b[32m{false}\u001b[39m\n                  \u001b[36m>\u001b[39m\n                    \u001b[36m<RNSVGSvgView>\u001b[39m\n                      \u001b[36m<RNSVGGroup>\u001b[39m\n                        \u001b[36m<RNSVGPath />\u001b[39m\n                      \u001b[36m</RNSVGGroup>\u001b[39m\n                    \u001b[36m</RNSVGSvgView>\u001b[39m\n                  \u001b[36m</View>\u001b[39m\n                \u001b[36m</View>\u001b[39m\n                \u001b[36m<Text\u001b[39m\n                  \u001b[33maccessibilityRole\u001b[39m=\u001b[32m\"header\"\u001b[39m\n                \u001b[36m>\u001b[39m\n                  \u001b[0mCreate Goal\u001b[0m\n                \u001b[36m</Text>\u001b[39m\n                \u001b[36m<View />\u001b[39m\n              \u001b[36m</View>\u001b[39m\n              \u001b[36m<Text>\u001b[39m\n                \u001b[0mStep 1 of 5: SMART Setup\u001b[0m\n              \u001b[36m</Text>\u001b[39m\n              \u001b[36m<View\u001b[39m\n                \u001b[33maccessibilityLabel\u001b[39m=\u001b[32m\"Step 1 of 5: SMART Setup\"\u001b[39m\n              \u001b[36m>\u001b[39m\n                \u001b[36m<View>\u001b[39m\n                  \u001b[36m<View>\u001b[39m\n                    \u001b[36m<Text>\u001b[39m\n                      \u001b[0m1\u001b[0m\n                    \u001b[36m</Text>\u001b[39m\n                  \u001b[36m</View>\u001b[39m\n                  \u001b[36m<View />\u001b[39m\n                \u001b[36m</View>\u001b[39m\n                \u001b[36m<View>\u001b[39m\n                  \u001b[36m<View>\u001b[39m\n                    \u001b[36m<Text>\u001b[39m\n                      \u001b[0m2\u001b[0m\n                    \u001b[36m</Text>\u001b[39m\n                  \u001b[36m</View>\u001b[39m\n                  \u001b[36m<View />\u001b[39m\n                \u001b[36m</View>\u001b[39m\n                \u001b[36m<View>\u001b[39m\n                  \u001b[36m<View>\u001b[39m\n                    \u001b[36m<Text>\u001b[39m\n                      \u001b[0m3\u001b[0m\n                    \u001b[36m</Text>\u001b[39m\n                  \u001b[36m</View>\u001b[39m\n                  \u001b[36m<View />\u001b[39m\n                \u001b[36m</View>\u001b[39m\n                \u001b[36m<View>\u001b[39m\n                  \u001b[36m<View>\u001b[39m\n                    \u001b[36m<Text>\u001b[39m\n                      \u001b[0m4\u001b[0m\n                    \u001b[36m</Text>\u001b[39m\n                  \u001b[36m</View>\u001b[39m\n                  \u001b[36m<View />\u001b[39m\n                \u001b[36m</View>\u001b[39m\n                \u001b[36m<View>\u001b[39m\n                  \u001b[36m<View>\u001b[39m\n                    \u001b[36m<Text>\u001b[39m\n                      \u001b[0m5\u001b[0m\n                    \u001b[36m</Text>\u001b[39m\n                  \u001b[36m</View>\u001b[39m\n                \u001b[36m</View>\u001b[39m\n              \u001b[36m</View>\u001b[39m\n              \u001b[36m<View>\u001b[39m\n                \u001b[36m<Text>\u001b[39m\n                  \u001b[0mLet's create a SMART goal\u001b[0m\n                \u001b[36m</Text>\u001b[39m\n                \u001b[36m<Text>\u001b[39m\n                  \u001b[0mSpecific, measurable, achievable, relevant, and time-bound goals make the next step clear.\u001b[0m\n                \u001b[36m</Text>\u001b[39m\n                \u001b[36m<View>\u001b[39m\n                  \u001b[36m<View>\u001b[39m\n                    \u001b[36m<View>\u001b[39m\n                      \u001b[36m<Text>\u001b[39m\n                        \u001b[0mS\u001b[0m\n                      \u001b[36m</Text>\u001b[39m\n                    \u001b[36m</View>\u001b[39m\n                    \u001b[36m<View>\u001b[39m\n                      \u001b[36m<Text>\u001b[39m\n                        \u001b[0mSpecific\u001b[0m\n                      \u001b[36m</Text>\u001b[39m\n                      \u001b[36m<Text>\u001b[39m\n                        \u001b[0mClear and well-defined\u001b[0m\n                      \u001b[36m</Text>\u001b[39m\n                    \u001b[36m</View>\u001b[39m\n                  \u001b[36m</View>\u001b[39m\n                  \u001b[36m<View>\u001b[39m\n                    \u001b[36m<View>\u001b[39m\n                      \u001b[36m<Text>\u001b[39m\n                        \u001b[0mM\u001b[0m\n                      \u001b[36m</Text>\u001b[39m\n                    \u001b[36m</View>\u001b[39m\n                    \u001b[36m<View>\u001b[39m\n                      \u001b[36m<Text>\u001b[39m\n                        \u001b[0mMeasurable\u001b[0m\n                      \u001b[36m</Text>\u001b[39m\n                      \u001b[36m<Text>\u001b[39m\n                        \u001b[0mTrack progress and quantity\u001b[0m\n                      \u001b[36m</Text>\u001b[39m\n                    \u001b[36m</View>\u001b[39m\n                  \u001b[36m</View>\u001b[39m\n                  \u001b[36m<View>\u001b[39m\n                    \u001b[36m<View>\u001b[39m\n                      \u001b[36m<Text>\u001b[39m\n                        \u001b[0mA\u001b[0m\n                      \u001b[36m</Text>\u001b[39m\n                    \u001b[36m</View>\u001b[39m\n                    \u001b[36m<View>\u001b[39m\n                      \u001b[36m<Text>\u001b[39m\n                        \u001b[0mAchievable\u001b[0m\n                      \u001b[36m</Text>\u001b[39m\n                      \u001b[36m<Text>\u001b[39m\n                        \u001b[0mRealistic and attainable\u001b[0m\n                      \u001b[36m</Text>\u001b[39m\n                    \u001b[36m</View>\u001b[39m\n                  \u001b[36m</View>\u001b[39m\n                  \u001b[36m<View>\u001b[39m\n                    \u001b[36m<View>\u001b[39m\n                      \u001b[36m<Text>\u001b[39m\n                        \u001b[0mR\u001b[0m\n                      \u001b[36m</Text>\u001b[39m\n                    \u001b[36m</View>\u001b[39m\n                    \u001b[36m<View>\u001b[39m\n                      \u001b[36m<Text>\u001b[39m\n                        \u001b[0mRelevant\u001b[0m\n                      \u001b[36m</Text>\u001b[39m\n                      \u001b[36m<Text>\u001b[39m\n                        \u001b[0mAligned with your values\u001b[0m\n                      \u001b[36m</Text>\u001b[39m\n                    \u001b[36m</View>\u001b[39m\n                  \u001b[36m</View>\u001b[39m\n                  \u001b[36m<View>\u001b[39m\n                    \u001b[36m<View>\u001b[39m\n                      \u001b[36m<Text>\u001b[39m\n                        \u001b[0mT\u001b[0m\n                      \u001b[36m</Text>\u001b[39m\n                    \u001b[36m</View>\u001b[39m\n                    \u001b[36m<View>\u001b[39m\n                      \u001b[36m<Text>\u001b[39m\n                        \u001b[0mTime-bound\u001b[0m\n                      \u001b[36m</Text>\u001b[39m\n                      \u001b[36m<Text>\u001b[39m\n                        \u001b[0mHas a clear deadline\u001b[0m\n                      \u001b[36m</Text>\u001b[39m\n                    \u001b[36m</View>\u001b[39m\n                  \u001b[36m</View>\u001b[39m\n                \u001b[36m</View>\u001b[39m\n              \u001b[36m</View>\u001b[39m\n              \u001b[36m<View>\u001b[39m\n                \u001b[36m<View\u001b[39m\n                  \u001b[33maccessibilityLabel\u001b[39m=\u001b[32m\"Continue\"\u001b[39m\n                  \u001b[33maccessibilityRole\u001b[39m=\u001b[32m\"button\"\u001b[39m\n                  \u001b[33maccessibilityState\u001b[39m=\u001b[32m{\n                    {\n                      \"busy\": false,\n                      \"disabled\": false,\n                    }\n                  }\u001b[39m\n                  \u001b[33maccessible\u001b[39m=\u001b[32m{true}\u001b[39m\n                \u001b[36m>\u001b[39m\n                  \u001b[36m<Text>\u001b[39m\n                    \u001b[0mContinue\u001b[0m\n                  \u001b[36m</Text>\u001b[39m\n                \u001b[36m</View>\u001b[39m\n              \u001b[36m</View>\u001b[39m\n            \u001b[36m</View>\u001b[39m\n          \u001b[36m</RCTScrollView>\u001b[39m\n        \u001b[36m</View>\u001b[39m\n      \u001b[36m</RNCSafeAreaView>\u001b[39m\n    \u001b[36m</View>\u001b[39m\n  \u001b[36m</Modal>\u001b[39m\n\u001b[36m</RNCSafeAreaView>\u001b[39m\n    at Object.getByText (C:\\Code\\Bearing\\mobile\\src\\__tests__\\GoalsScreen.test.tsx:735:28)\n    at Generator.next (<anonymous>)\n    at asyncGeneratorStep (C:\\Code\\Bearing\\mobile\\node_modules\\@babel\\runtime\\helpers\\asyncToGenerator.js:3:17)\n    at _next (C:\\Code\\Bearing\\mobile\\node_modules\\@babel\\runtime\\helpers\\asyncToGenerator.js:17:9)\n    at C:\\Code\\Bearing\\mobile\\node_modules\\@babel\\runtime\\helpers\\asyncToGenerator.js:22:7\n    at new Promise (<anonymous>)\n    at Object.<anonymous> (C:\\Code\\Bearing\\mobile\\node_modules\\@babel\\runtime\\helpers\\asyncToGenerator.js:14:12)\n    at Promise.then.completed (C:\\Code\\Bearing\\mobile\\node_modules\\jest-circus\\build\\utils.js:298:28)\n    at new Promise (<anonymous>)\n    at callAsyncCircusFn (C:\\Code\\Bearing\\mobile\\node_modules\\jest-circus\\build\\utils.js:231:10)\n    at _callCircusTest (C:\\Code\\Bearing\\mobile\\node_modules\\jest-circus\\build\\run.js:316:40)\n    at _runTest (C:\\Code\\Bearing\\mobile\\node_modules\\jest-circus\\build\\run.js:252:3)\n    at _runTestsForDescribeBlock (C:\\Code\\Bearing\\mobile\\node_modules\\jest-circus\\build\\run.js:126:9)\n    at _runTestsForDescribeBlock (C:\\Code\\Bearing\\mobile\\node_modules\\jest-circus\\build\\run.js:121:9)\n    at run (C:\\Code\\Bearing\\mobile\\node_modules\\jest-circus\\build\\run.js:71:3)\n    at runAndTransformResultsToJestFormat (C:\\Code\\Bearing\\mobile\\node_modules\\jest-circus\\build\\legacy-code-todo-rewrite\\jestAdapterInit.js:122:21)\n    at jestAdapter (C:\\Code\\Bearing\\mobile\\node_modules\\jest-circus\\build\\legacy-code-todo-rewrite\\jestAdapter.js:79:19)\n    at runTestInternal (C:\\Code\\Bearing\\mobile\\node_modules\\jest-runner\\build\\runTest.js:367:16)\n    at runTest (C:\\Code\\Bearing\\mobile\\node_modules\\jest-runner\\build\\runTest.js:444:34)"],"fullName":"GoalsScreen keeps manual planning available when AI generation fails","invocations":1,"location":null,"numPassingAsserts":0,"retryReasons":[],"status":"failed","title":"keeps manual planning available when AI generation fails"},{"ancestorTitles":["GoalsScreen"],"duration":26,"failureDetails":[{}],"failureMessages":["Error: Unable to find an element with accessibility label: New Goal\n\n\u001b[36m<RNCSafeAreaView>\u001b[39m\n  \u001b[36m<View>\u001b[39m\n    \u001b[36m<View>\u001b[39m\n      \u001b[36m<View\u001b[39m\n        \u001b[33maccessibilityLabel\u001b[39m=\u001b[32m\"Go back\"\u001b[39m\n        \u001b[33maccessibilityRole\u001b[39m=\u001b[32m\"button\"\u001b[39m\n        \u001b[33maccessibilityState\u001b[39m=\u001b[32m{\n          {\n            \"disabled\": false,\n          }\n        }\u001b[39m\n        \u001b[33maccessible\u001b[39m=\u001b[32m{true}\u001b[39m\n      \u001b[36m>\u001b[39m\n        \u001b[36m<View\u001b[39m\n          \u001b[33maccessible\u001b[39m=\u001b[32m{false}\u001b[39m\n        \u001b[36m>\u001b[39m\n          \u001b[36m<RNSVGSvgView>\u001b[39m\n            \u001b[36m<RNSVGGroup>\u001b[39m\n              \u001b[36m<RNSVGPath />\u001b[39m\n            \u001b[36m</RNSVGGroup>\u001b[39m\n          \u001b[36m</RNSVGSvgView>\u001b[39m\n        \u001b[36m</View>\u001b[39m\n      \u001b[36m</View>\u001b[39m\n    \u001b[36m</View>\u001b[39m\n    \u001b[36m<View>\u001b[39m\n      \u001b[36m<View>\u001b[39m\n        \u001b[36m<View>\u001b[39m\n          \u001b[36m<Text\u001b[39m\n            \u001b[33maccessibilityRole\u001b[39m=\u001b[32m\"header\"\u001b[39m\n          \u001b[36m>\u001b[39m\n            \u001b[0mGoals\u001b[0m\n          \u001b[36m</Text>\u001b[39m\n        \u001b[36m</View>\u001b[39m\n      \u001b[36m</View>\u001b[39m\n    \u00
[...]
39m=\u001b[32m{\n                {\n                  \"selected\": false,\n                }\n              }\u001b[39m\n              \u001b[33maccessible\u001b[39m=\u001b[32m{true}\u001b[39m\n            \u001b[36m>\u001b[39m\n              \u001b[36m<Text>\u001b[39m\n                \u001b[0mCompleted\u001b[0m\n              \u001b[36m</Text>\u001b[39m\n              \u001b[36m<Text>\u001b[39m\n                \u001b[0m0\u001b[0m\n              \u001b[36m</Text>\u001b[39m\n            \u001b[36m</View>\u001b[39m\n            \u001b[36m<View\u001b[39m\n              \u001b[33maccessibilityLabel\u001b[39m=\u001b[32m\"Archived, 0\"\u001b[39m\n              \u001b[33maccessibilityRole\u001b[39m=\u001b[32m\"button\"\u001b[39m\n              \u001b[33maccessibilityState\u001b[39m=\u001b[32m{\n                {\n                  \"selected\": false,\n                }\n              }\u001b[39m\n              \u001b[33maccessible\u001b[39m=\u001b[32m{true}\u001b[39m\n            \u001b[36m>\u001b[39m\n              \u001b[36m<Text>\u001b[39m\n                \u001b[0mArchived\u001b[0m\n              \u001b[36m</Text>\u001b[39m\n              \u001b[36m<Text>\u001b[39m\n                \u001b[0m0\u001b[0m\n              \u001b[36m</Text>\u001b[39m\n            \u001b[36m</View>\u001b[39m\n          \u001b[36m</View>\u001b[39m\n          \u001b[36m<View>\u001b[39m\n            \u001b[36m<Text>\u001b[39m\n              \u001b[0mNo active goals.\u001b[0m\n            \u001b[36m</Text>\u001b[39m\n            \u001b[36m<Text>\u001b[39m\n              \u001b[0mCreate a goal to start building a step-by-step plan.\u001b[0m\n            \u001b[36m</Text>\u001b[39m\n          \u001b[36m</View>\u001b[39m\n        \u001b[36m</View>\u001b[39m\n      \u001b[36m</RCTScrollView>\u001b[39m\n    \u001b[36m</RNCSafeAreaView>\u001b[39m\n\u001b[2m\u001b[22m\n\u001b[2m    \u001b[0m \u001b[90m 191 |\u001b[39m\u001b[22m\n\u001b[2m     \u001b[90m 192 |\u001b[39m \u001b[36mfunction\u001b[39m openAiPlanningStep()\u001b[33m:\u001b[39m \u001b[36mvoid\u001b[39m {\u001b[22m\n\u001b[2m    \u001b[31m\u001b[1m>\u001b[22m\u001b[2m\u001b[39m\u001b[90m 193 |\u001b[39m   fireEvent\u001b[33m.\u001b[39mpress(screen\u001b[33m.\u001b[39mgetByLabelText(\u001b[32m'New Goal'\u001b[39m))\u001b[33m;\u001b[39m\u001b[22m\n\u001b[2m     \u001b[90m     |\u001b[39m                          \u001b[31m\u001b[1m^\u001b[22m\u001b[2m\u001b[39m\u001b[22m\n\u001b[2m     \u001b[90m 194 |\u001b[39m   fireEvent\u001b[33m.\u001b[39mpress(screen\u001b[33m.\u001b[39mgetByLabelText(\u001b[32m'Continue'\u001b[39m))\u001b[33m;\u001b[39m\u001b[22m\n\u001b[2m     \u001b[90m 195 |\u001b[39m   fireEvent\u001b[33m.\u001b[39mchangeText(screen\u001b[33m.\u001b[39mgetByLabelText(\u001b[32m'Goal outcome'\u001b[39m)\u001b[33m,\u001b[39m \u001b[32m'Run a 10k'\u001b[39m)\u001b[33m;\u001b[39m\u001b[22m\n\u001b[2m     \u001b[90m 196 |\u001b[39m   fireEvent\u001b[33m.\u001b[39mchangeText(\u001b[0m\u001b[22m\n\u001b[2m\u001b[22m\n\u001b[2m      \u001b[2mat getByLabelText (\u001b[22m\u001b[2m\u001b[0m\u001b[36msrc/__tests__/GoalsScreen.test.tsx\u001b[39m\u001b[0m\u001b[2m:193:26)\u001b[22m\u001b[2m\u001b[22m\n\u001b[2m      \u001b[2mat Object.openAiPlanningStep (\u001b[22m\u001b[2m\u001b[0m\u001b[36msrc/__tests__/GoalsScreen.test.tsx\u001b[39m\u001b[0m\u001b[2m:805:5)\u001b[22m\u001b[2m\u001b[22m\n\u001b[2m      \u001b[2mat asyncGeneratorStep (\u001b[22m\u001b[2mnode_modules/@babel/runtime/helpers/asyncToGenerator.js\u001b[2m:3:17)\u001b[22m\u001b[2m\u001b[22m\n\u001b[2m      \u001b[2mat _next (\u001b[22m\u001b[2mnode_modules/@babel/runtime/helpers/asyncToGenerator.js\u001b[2m:17:9)\u001b[22m\u001b[2m\u001b[22m\n\u001b[2m      \u001b[2mat \u001b[22m\u001b[2mnode_modules/@babel/runtime/helpers/asyncToGenerator.js\u001b[2m:22:7\u001b[22m\u001b[2m\u001b[22m\n\u001b[2m      \u001b[2mat Object.<anonymous> (\u001b[22m\u001b[2mnode_modules/@babel/runtime/helpers/asyncToGenerator.js\u001b[2m:14:12)\u001b[22m\u001b[2m\u001b[22m\n\n\u001b[1m\u001b[31m  \u001b[1m● \u001b[22m\u001b[1mGoalsScreen › shows a specific message when another generation is active\u001b[39m\u001b[22m\n\n    Unable to find an element with accessibility label: New Goal\n\n    \u001b[36m<RNCSafeAreaView>\u001b[39m\n      \u001b[36m<View>\u001b[39m\n        \u001b[36m<View>\u001b[39m\n          \u001b[36m<View\u001b[39m\n            \u001b[33maccessibilityLabel\u001b[39m=\u001b[32m\"Go back\"\u001b[39m\n            \u001b[33maccessibilityRole\u001b[39m=\u001b[32m\"button\"\u001b[39m\n            \u001b[33maccessibilityState\u001b[39m=\u001b[32m{\n              {\n                \"disabled\": false,\n              }\n            }\u001b[39m\n            \u001b[33maccessible\u001b[39m=\u001b[32m{true}\u001b[39m\n          \u001b[36m>\u001b[39m\n            \u001b[36m<View\u001b[39m\n              \u001b[33maccessible\u001b[39m=\u001b[32m{false}\u001b[39m\n            \u001b[36m>\u001b[39m\n              \u001b[36m<RNSVGSvgView>\u001b[39m\n                \u001b[36m<RNSVGGroup>\u001b[39m\n                  \u001b[36m<RNSVGPath />\u001b[39m\n                \u001b[36m</RNSVGGroup>\u001b[39m\n              \u001b[36m</RNSVGSvgView>\u001b[39m\n            \u001b[36m</View>\u001b[39m\n          \u001b[36m</View>\u001b[39m\n        \u001b[36m</View>\u001b[39m\n        \u001b[36m<View>\u001b[39m\n          \u001b[36m<View>\u001b[39m\n            \u001b[36m<View>\u001b[39m\n              \u001b[36m<Text\u001b[39m\n                \u001b[33maccessibilityRole\u001b[39m=\u001b[32m\"header\"\u001b[39m\n              \u001b[36m>\u001b[39m\n                \u001b[0mGoals\u001b[0m\n              \u001b[36m</Text>\u001b[39m\n            \u001b[36m</View>\u001b[39m\n          \u001b[36m</View>\u001b[39m\n        \u001b[36m</View>\u001b[39m\n        \u001b[36m<View />\u001b[39m\n      \u001b[36m</View>\u001b[39m\n      \u001b[36m<RCTScrollView>\u001b[39m\n        \u001b[36m<View>\u001b[39m\n          \u001b[36m<View\u001b[39m\n            \u001b[33maccessibilityLabel\u001b[39m=\u001b[32m\"Goal filter\"\u001b[39m\n          \u001b[36m>\u001b[39m\n            \u001b[36m<View\u001b[39m\n              \u001b[33maccessibilityLabel\u001b[39m=\u001b[32m\"Current, 0\"\u001b[39m\n              \u001b[33maccessibilityRole\u001b[39m=\u001b[32m\"button\"\u001b[39m\n              \u001b[33maccessibilityState\u001b[39m=\u001b[32m{\n                {\n                  \"selected\": true,\n                }\n              }\u001b[39m\n              \u001b[33maccessible\u001b[39m=\u001b[32m{true}\u001b[39m\n            \u001b[36m>\u001b[39m\n              \u001b[36m<Text>\u001b[39m\n                \u001b[0mCurrent\u001b[0m\n              \u001b[36m</Text>\u001b[39m\n              \u001b[36m<Text>\u001b[39m\n                \u001b[0m0\u001b[0m\n              \u001b[36m</Text>\u001b[39m\n            \u001b[36m</View>\u001b[39m\n            \u001b[36m<View\u001b[39m\n              \u001b[33maccessibilityLabel\u001b[39m=\u001b[32m\"Completed, 0\"\u001b[39m\n              \u001b[33maccessibilityRole\u001b[39m=\u001b[32m\"button\"\u001b[39m\n              \u001b[33maccessibilityState\u001b[39m=\u001b[32m{\n                {\n                  \"selected\": false,\n                }\n              }\u001b[39m\n              \u001b[33maccessible\u001b[39m=\u001b[32m{true}\u001b[39m\n            \u001b[36m>\u001b[39m\n              \u001b[36m<Text>\u001b[39m\n                \u001b[0mCompleted\u001b[0m\n              \u001b[36m</Text>\u001b[39m\n              \u001b[36m<Text>\u001b[39m\n                \u001b[0m0\u001b[0m\n              \u001b[36m</Text>\u001b[39m\n            \u001b[36m</View>\u001b[39m\n            \u001b[36m<View\u001b[39m\n              \u001b[33maccessibilityLabel\u001b[39m=\u001b[32m\"Archived, 0\"\u001b[39m\n              \u001b[33maccessibilityRole\u001b[39m=\u001b[32m\"button\"\u001b[39m\n              \u001b[33maccessibilityState\u001b[39m=\u001b[32m{\n                {\n                  \"selected\": false,\n                }\n              }\u001b[39m\n              \u001b[33maccessible\u001b[39m=\u001b[32m{true}\u001b[39m\n            \u001b[36m>\u001b[39m\n              \u001b[36m<Text>\u001b[39m\n                \u001b[0mArchived\u001b[0m\n              \u001b[36m</Text>\u001b[39m\n              \u001b[36m<Text>\u001b[39m\n                \u001b[0m0\u001b[0m\n              \u001b[36m</Text>\u001b[39m\n            \u001b[36m</View>\u001b[39m\n          \u001b[36m</View>\u001b[39m\n          \u001b[36m<View>\u001b[39m\n            \u001b[36m<Text>\u001b[39m\n              \u001b[0mNo active goals.\u001b[0m\n            \u001b[36m</Text>\u001b[39m\n            \u001b[36m<Text>\u001b[39m\n              \u001b[0mCreate a goal to start building a step-by-step plan.\u001b[0m\n            \u001b[36m</Text>\u001b[39m\n          \u001b[36m</View>\u001b[39m\n        \u001b[36m</View>\u001b[39m\n      \u001b[36m</RCTScrollView>\u001b[39m\n    \u001b[36m</RNCSafeAreaView>\u001b[39m\n\u001b[2m\u001b[22m\n\u001b[2m    \u001b[0m \u001b[90m 191 |\u001b[39m\u001b[22m\n\u001b[2m     \u001b[90m 192 |\u001b[39m \u001b[36mfunction\u001b[39m openAiPlanningStep()\u001b[33m:\u001b[39m \u001b[36mvoid\u001b[39m {\u001b[22m\n\u001b[2m    \u001b[31m\u001b[1m>\u001b[22m\u001b[2m\u001b[39m\u001b[90m 193 |\u001b[39m   fireEvent\u001b[33m.\u001b[39mpress(screen\u001b[33m.\u001b[39mgetByLabelText(\u001b[32m'New Goal'\u001b[39m))\u001b[33m;\u001b[39m\u001b[22m\n\u001b[2m     \u001b[90m     |\u001b[39m                          \u001b[31m\u001b[1m^\u001b[22m\u001b[2m\u001b[39m\u001b[22m\n\u001b[2m     \u001b[90m 194 |\u001b[39m   fireEvent\u001b[33m.\u001b[39mpress(screen\u001b[33m.\u001b[39mgetByLabelText(\u001b[32m'Continue'\u001b[39m))\u001b[33m;\u001b[39m\u001b[22m\n\u001b[2m     \u001b[90m 195 |\u001b[39m   fireEvent\u001b[33m.\u001b[39mchangeText(screen\u001b[33m.\u001b[39mgetByLabelText(\u001b[32m'Goal outcome'\u001b[39m)\u001b[33m,\u001b[39m \u001b[32m'Run a 10k'\u001b[39m)\u001b[33m;\u001b[39m\u001b[22m\n\u001b[2m     \u001b[90m 196 |\u001b[39m   fireEvent\u001b[33m.\u001b[39mchangeText(\u001b[0m\u001b[22m\n\u001b[2m\u001b[22m\n\u001b[2m      \u001b[2mat getByLabelText (\u001b[22m\u001b[2m\u001b[0m\u001b[36msrc/__tests__/GoalsScreen.test.tsx\u001b[39m\u001b[0m\u001b[2m:193:26)\u001b[22m\u001b[2m\u001b[22m\n\u001b[2m      \u001b[2mat Object.openAiPlanningStep (\u001b[22m\u001b[2m\u001b[0m\u001b[36msrc/__tests__/GoalsScreen.test.tsx\u001b[39m\u001b[0m\u001b[2m:831:5)\u001b[22m\u001b[2m\u001b[22m\n\u001b[2m      \u001b[2mat asyncGeneratorStep (\u001b[22m\u001b[2mnode_modules/@babel/runtime/helpers/asyncToGenerator.js\u001b[2m:3:17)\u001b[22m\u001b[2m\u001b[22m\n\u001b[2m      \u001b[2mat _next (\u001b[22m\u001b[2mnode_modules/@babel/runtime/helpers/asyncToGenerator.js\u001b[2m:17:9)\u001b[22m\u001b[2m\u001b[22m\n\u001b[2m      \u001b[2mat \u001b[22m\u001b[2mnode_modules/@babel/runtime/helpers/asyncToGenerator.js\u001b[2m:22:7\u001b[22m\u001b[2m\u001b[22m\n\u001b[2m      \u001b[2mat Object.<anonymous> (\u001b[22m\u001b[2mnode_modules/@babel/runtime/helpers/asyncToGenerator.js\u001b[2m:14:12)\u001b[22m\u001b[2m\u001b[22m\n\n\u001b[1m\u001b[31m  \u001b[1m● \u001b[22m\u001b[1mGoalsScreen › limits year choices to the present or future and rejects a non-future target date\u001b[39m\u001b[22m\n\n    Unable to find an element with text: New Goal\n\n    \u001b[36m<RNCSafeAreaView>\u001b[39m\n      \u001b[36m<View>\u001b[39m\n        \u001b[36m<View>\u001b[39m\n          \u001b[36m<View\u001b[39m\n            \u001b[33maccessibilityLabel\u001b[39m=\u001b[32m\"Go back\"\u001b[39m\n            \u001b[33maccessibilityRole\u001b[39m=\u001b[32m\"button\"\u001b[39m\n            \u001b[33maccessibilityState\u001b[39m=\u001b[32m{\n              {\n                \"disabled\": false,\n              }\n            }\u001b[39m\n            \u001b[33maccessible\u001b[39m=\u001b[32m{true}\u001b[39m\n          \u001b[36m>\u001b[39m\n            \u001b[36m<View\u001b[39m\n              \u001b[33maccessible\u001b[39m=\u001b[32m{false}\u001b[39m\n            \u001b[36m>\u001b[39m\n              \u001b[36m<RNSVGSvgView>\u001b[39m\n                \u001b[36m<RNSVGGroup>\u001b[39m\n                  \u001b[36m<RNSVGPath />\u001b[39m\n                \u001b[36m</RNSVGGroup>\u001b[39m\n              \u001b[36m</RNSVGSvgView>\u001b[39m\n            \u001b[36m</View>\u001b[39m\n          \u001b[36m</View>\u001b[39m\n        \u001b[36m</View>\u001b[39m\n        \u001b[36m<View>\u001b[39m\n          \u001b[36m<View>\u001b[39m\n            \u001b[36m<View>\u001b[39m\n              \u001b[36m<Text\u001b[39m\n                \u001b[33maccessibilityRole\u001b[39m=\u001b[32m\"header\"\u001b[39m\n              \u001b[36m>\u001b[39m\n                \u001b[0mGoals\u001b[0m\n              \u001b[36m</Text>\u001b[39m\n            \u001b[36m</View>\u001b[39m\n          \u001b[36m</View>\u001b[39m\n        \u001b[36m</View>\u001b[39m\n        \u001b[36m<View />\u001b[39m\n      \u001b[36m</View>\u001b[39m\n      \u001b[36m<RCTScrollView>\u001b[39m\n        \u001b[36m<View>\u001b[39m\n          \u001b[36m<View\u001b[39m\n            \u001b[33maccessibilityLabel\u001b[39m=\u001b[32m\"Goal filter\"\u001b[39m\n          \u001b[36m>\u001b[39m\n            \u001b[36m<View\u001b[39m\n              \u001b[33maccessibilityLabel\u001b[39m=\u001b[32m\"Current, 0\"\u001b[39m\n              \u001b[33maccessibilityRole\u001b[39m=\u001b[32m\"button\"\u001b[39m\n              \u001b[33maccessibilityState\u001b[39m=\u001b[32m{\n                {\n                  \"selected\": true,\n                }\n              }\u001b[39m\n              \u001b[33maccessible\u001b[39m=\u001b[32m{true}\u001b[39m\n            \u001b[36m>\u001b[39m\n              \u001b[36m<Text>\u001b[39m\n                \u001b[0mCurrent\u001b[0m\n              \u001b[36m</Text>\u001b[39m\n              \u001b[36m<Text>\u001b[39m\n                \u001b[0m0\u001b[0m\n              \u001b[36m</Text>\u001b[39m\n            \u001b[36m</View>\u001b[39m\n            \u001b[36m<View\u001b[39m\n              \u001b[33maccessibilityLabel\u001b[39m=\u001b[32m\"Completed, 0\"\u001b[39m\n              \u001b[33maccessibilityRole\u001b[39m=\u001b[32m\"button\"\u001b[39m\n              \u001b[33maccessibilityState\u001b[39m=\u001b[32m{\n                {\n                  \"selected\": false,\n                }\n              }\u001b[39m\n              \u001b[33maccessible\u001b[39m=\u001b[32m{true}\u001b[39m\n            \u001b[36m>\u001b[39m\n              \u001b[36m<Text>\u001b[39m\n                \u001b[0mCompleted\u001b[0m\n              \u001b[36m</Text>\u001b[39m\n              \u001b[36m<Text>\u001b[39m\n                \u001b[0m0\u001b[0m\n              \u001b[36m</Text>\u001b[39m\n            \u001b[36m</View>\u001b[39m\n            \u001b[36m<View\u001b[39m\n              \u001b[33maccessibilityLabel\u001b[39m=\u001b[32m\"Archived, 0\"\u001b[39m\n              \u001b[33maccessibilityRole\u001b[39m=\u001b[32m\"button\"\u001b[39m\n              \u001b[33maccessibilityState\u001b[39m=\u001b[32m{\n                {\n                  \"selected\": false,\n                }\n              }\u001b[39m\n              \u001b[33maccessible\u001b[39m=\u001b[32m{true}\u001b[39m\n            \u001b[36m>\u001b[39m\n              \u001b[36m<Text>\u001b[39m\n                \u001b[0mArchived\u001b[0m\n              \u001b[36m</Text>\u001b[39m\n              \u001b[36m<Text>\u001b[39m\n                \u001b[0m0\u001b[0m\n              \u001b[36m</Text>\u001b[39m\n            \u001b[36m</View>\u001b[39m\n          \u001b[36m</View>\u001b[39m\n          \u001b[36m<View>\u001b[39m\n            \u001b[36m<Text>\u001b[39m\n              \u001b[0mNo active goals.\u001b[0m\n            \u001b[36m</Text>\u001b[39m\n            \u001b[36m<Text>\u001b[39m\n              \u001b[0mCreate a goal to start building a step-by-step plan.\u001b[0m\n            \u001b[36m</Text>\u001b[39m\n          \u001b[36m</View>\u001b[39m\n        \u001b[36m</View>\u001b[39m\n      \u001b[36m</RCTScrollView>\u001b[39m\n    \u001b[36m</RNCSafeAreaView>\u001b[39m\n\u001b[2m\u001b[22m\n\u001b[2m    \u001b[0m \u001b[90m 865 |\u001b[39m     render(\u001b[33m<\u001b[39m\u001b[33mGoalsScreen\u001b[39m \u001b[33m/\u001b[39m\u001b[33m>\u001b[39m)\u001b[33m;\u001b[39m\u001b[22m\n\u001b[2m     \u001b[90m 866 |\u001b[39m\u001b[22m\n\u001b[2m    \u001b[31m\u001b[1m>\u001b[22m\u001b[2m\u001b[39m\u001b[90m 867 |\u001b[39m     fireEvent\u001b[33m.\u001b[39mpress(screen\u001b[33m.\u001b[39mgetByText(\u001b[32m'New Goal'\u001b[39m))\u001b[33m;\u001b[39m\u001b[22m\n\u001b[2m     \u001b[90m     |\u001b[39m                            \u001b[31m\u001b[1m^\u001b[22m\u001b[2m\u001b[39m\u001b[22m\n\u001b[2m     \u001b[90m 868 |\u001b[39m     fireEvent\u001b[33m.\u001b[39mpress(screen\u001b[33m.\u001b[39mgetByLabelText(\u001b[32m'Continue'\u001b[39m))\u001b[33m;\u001b[39m\u001b[22m\n\u001b[2m     \u001b[90m 869 |\u001b[39m     fireEvent\u001b[33m.\u001b[39mchangeText(screen\u001b[33m.\u001b[39mgetByLabelText(\u001b[32m'Goal outcome'\u001b[39m)\u001b[33m,\u001b[39m \u001b[32m'Run a 10k'\u001b[39m)\u001b[33m;\u001b[39m\u001b[22m\n\u001b[2m     \u001b[90m 870 |\u001b[39m     fireEvent\u001b[33m.\u001b[39mchangeText(\u001b[0m\u001b[22m\n\u001b[2m\u001b[22m\n\u001b[2m      \u001b[2mat Object.getByText (\u001b[22m\u001b[2m\u001b[0m\u001b[36msrc/__tests__/GoalsScreen.test.tsx\u001b[39m\u001b[0m\u001b[2m:867:28)\u001b[22m\u001b[2m\u001b[22m\n","name":"C:\\Code\\Bearing\\mobile\\src\\__tests__\\GoalsScreen.test.tsx","startTime":1789682645352,"status":"failed","summary":""},{"assertionResults":[{"ancestorTitles":["NotesScreen"],"duration":93,"failureDetails":[],"failureMessages":[],"fullName":"NotesScreen retries after the notes subscription fails","invocations":1,"location":null,"numPassingAsserts":1,"retryReasons":[],"status":"passed","title":"retries after the notes subscription fails"},{"ancestorTitles":["NotesScreen"],"duration":11,"failureDetails":[],"failureMessages":[],"fullName":"NotesScreen renders the empty state","invocations":1,"location":null,"numPassingAsserts":2,"retryReasons":[],"status":"passed","title":"renders the empty state"},{"ancestorTitles":["NotesScreen"],"duration":27,"failureDetails":[],"failureMessages":[],"fullName":"NotesScreen renders saved notes with source metadata","invocations":1,"location":null,"numPassingAsserts":4,"retryReasons":[],"status":"passed","title":"renders saved notes with source metadata"},{"ancestorTitles":["NotesScreen"],"duration":11,"failureDetails":[],"failureMessages":[],"fullName":"NotesScreen keeps archived notes hidden and separates pinned, recent, and all notes","invocations":1,"location":null,"numPassingAsserts":7,"retryReasons":[],"status":"passed","title":"keeps archived notes hidden and separates pinned, recent, and all notes"},{"ancestorTitles":["NotesScreen"],"duration":50,"failureDetails":[],"failureMessages":[],"fullName":"NotesScreen opens the new note modal and saves a manual note","invocations":1,"location":null,"numPassingAsserts":1,"retryReasons":[],"status":"passed","title":"opens the new note modal and saves a manual note"},{"ancestorTitles":["NotesScreen"],"duration":30,"failureDetails":[],"failureMessages":[],"fullName":"NotesScreen opens a saved note and edits it","invocations":1,"location":null,"numPassingAsserts":1,"retryReasons":[],"status":"passed","title":"opens a saved note and edits it"},{"ancestorTitles":["NotesScreen"],"duration":24,"failureDetails":[],"failureMessages":[],"fullName":"NotesScreen deletes a saved note after confirmation","invocations":1,"location":null,"numPassingAsserts":1,"retryReasons":[],"status":"passed","title":"deletes a saved note after confirmation"}],"endTime":1789682652653,"message":"","name":"C:\\Code\\Bearing\\mobile\\src\\__tests__\\NotesScreen.test.tsx","startTime":1789682650604,"status":"passed","summary":""}],"wasInterrupted":false}
